Estado 105 conflictos: 2 desplazamiento/reducción
Estado 157 conflictos: 1 reducción/reducción
Estado 171 conflictos: 3 desplazamiento/reducción
Estado 174 conflictos: 3 desplazamiento/reducción
Estado 203 conflictos: 1 reducción/reducción
Estado 227 conflictos: 1 reducción/reducción


Gramática

    0 $accept: descAlgoritmo $end

    1 descAlgoritmo: TK_ALGORITMO TK_IDENTIFICADOR TK_PUNTOYCOMA cabeceraAlgoritmo bloqueAlgoritmo TK_FALGORITMO

    2 asignacion: operandoBooleano TK_DOSPUNTOS_IGUAL expresion
    3           | operandoAritmetico TK_DOSPUNTOS_IGUAL expresion

    4 alternativa: TK_SI expresion TK_FLECHA instrucciones listaOpciones TK_FSI

    5 listaOpciones: TK_CORCHETES expresion TK_FLECHA instrucciones listaOpciones
    6              | %empty

    7 iteracion: itCotaFija
    8          | itCotaVariable

    9 itCotaVariable: TK_MIENTRAS expresion TK_HACER instrucciones TK_FMIENTRAS

   10 itCotaFija: TK_PARA TK_IDENTIFICADOR TK_DOSPUNTOS_IGUAL expresion TK_HASTA expresion TK_HACER instrucciones TK_FPARA

   11 defAccion: TK_ACCION cabeceraAccion bloque TK_FACCION

   12 defFuncion: TK_FUNCION cabeceraFuncion bloque TK_DEV expresion TK_FFUNCION

   13 cabeceraAccion: TK_IDENTIFICADOR TK_PARENTESIS_APERTURA defParForm TK_PARENTESIS_CIERRE TK_PUNTOYCOMA

   14 cabeceraFuncion: TK_IDENTIFICADOR TK_PARENTESIS_APERTURA listaDefsVariables TK_PARENTESIS_CIERRE TK_DEV defTipo TK_PUNTOYCOMA

   15 defParForm: dParForm TK_PUNTOYCOMA defParForm
   16           | dParForm
   17           | %empty

   18 dParForm: TK_ENT listaId TK_DOSPUNTOS defTipo
   19         | TK_SAL listaId TK_DOSPUNTOS defTipo
   20         | TK_ENTSAL listaId TK_DOSPUNTOS defTipo

   21 llamadaAccion: TK_IDENTIFICADOR TK_PARENTESIS_APERTURA parametrosReales TK_PARENTESIS_CIERRE

   22 llamadaFuncion: TK_IDENTIFICADOR TK_DOSPUNTOS_IGUAL TK_PARENTESIS_APERTURA parametrosReales TK_PARENTESIS_CIERRE

   23 parametrosReales: expresion TK_COMA parametrosReales
   24                 | expresion
   25                 | %empty

   26 listaCampos: TK_IDENTIFICADOR TK_DOSPUNTOS defTipo TK_PUNTOYCOMA listaCampos
   27            | %empty

   28 listaDefsConstantes: TK_IDENTIFICADOR TK_IGUAL TK_LITERALENTERO TK_PUNTOYCOMA listaDefsConstantes
   29                    | TK_IDENTIFICADOR TK_IGUAL TK_LITERALCARACTER TK_PUNTOYCOMA listaDefsConstantes
   30                    | TK_IDENTIFICADOR TK_IGUAL TK_VERDADERO TK_PUNTOYCOMA listaDefsConstantes
   31                    | TK_IDENTIFICADOR TK_IGUAL TK_FALSO TK_PUNTOYCOMA listaDefsConstantes
   32                    | TK_IDENTIFICADOR TK_IGUAL TK_LITERAL_CADENA TK_PUNTOYCOMA listaDefsConstantes
   33                    | TK_IDENTIFICADOR TK_IGUAL TK_LITERAL_NUMERICO TK_PUNTOYCOMA listaDefsConstantes
   34                    | %empty

   35 listaDefsVariables: listaId TK_PUNTOYCOMA listaDefsVariables
   36                   | listaIdBooleanos TK_PUNTOYCOMA listaDefsVariables
   37                   | %empty

   38 listaId: TK_IDENTIFICADOR TK_DOSPUNTOS defTipo
   39        | TK_IDENTIFICADOR TK_COMA listaId

   40 listaIdBooleanos: TK_IDENTIFICADOR_BOOLEANO TK_DOSPUNTOS defTipo
   41                 | TK_IDENTIFICADOR_BOOLEANO TK_COMA listaIdBooleanos

   42 defVariablesInteraccion: defEntrada
   43                        | defEntrada defSalida
   44                        | defSalida

   45 defEntrada: TK_ENT listaDefsVariables

   46 defSalida: TK_SAL listaDefsVariables

   47 expBool: expBool TK_Y M expBool
   48        | expBool TK_O expBool
   49        | TK_NO expBool
   50        | operandoBooleano
   51        | TK_VERDADERO
   52        | TK_FALSO
   53        | expresion TK_OPREL expresion
   54        | TK_PARENTESIS_APERTURA expBool TK_PARENTESIS_CIERRE

   55 M: %empty

   56 expresion: expArit
   57          | expBool
   58          | llamadaFuncion

   59 expArit: expArit TK_SUMA expArit
   60        | expArit TK_RESTA expArit
   61        | expArit TK_MULTIPLICACION expArit
   62        | expArit TK_DIVISION expArit
   63        | expArit TK_DIVISION_ENTERA expArit
   64        | expArit TK_MODULO expArit
   65        | TK_PARENTESIS_APERTURA expArit TK_PARENTESIS_CIERRE
   66        | operandoAritmetico
   67        | TK_RESTA expArit
   68        | TK_SUMA expArit
   69        | TK_LITERAL_NUMERICO
   70        | TK_LITERALENTERO

   71 operandoBooleano: TK_IDENTIFICADOR_BOOLEANO
   72                 | operandoBooleano TK_PUNTO operandoBooleano
   73                 | operandoBooleano TK_CORCHETE_APERTURA expresion TK_CORCHETE_CIERRE
   74                 | operandoBooleano TK_REF

   75 operandoAritmetico: TK_IDENTIFICADOR
   76                   | operandoAritmetico TK_PUNTO operandoAritmetico
   77                   | operandoAritmetico TK_CORCHETE_APERTURA expresion TK_CORCHETE_CIERRE
   78                   | operandoAritmetico TK_REF

   79 instrucciones: instruccion TK_PUNTOYCOMA instrucciones
   80              | instruccion

   81 instruccion: TK_CONTINUAR
   82            | asignacion
   83            | alternativa
   84            | iteracion
   85            | llamadaAccion

   86 cabeceraAlgoritmo: defGlobales defAccionesFunciones defVariablesInteraccion TK_COMENTARIO

   87 bloqueAlgoritmo: bloque TK_COMENTARIO

   88 defGlobales: definicionTipo defGlobales
   89            | definicionConst defGlobales
   90            | %empty

   91 defAccionesFunciones: defAccion defAccionesFunciones
   92                     | defFuncion defAccionesFunciones
   93                     | %empty

   94 bloque: declaraciones instrucciones

   95 declaraciones: definicionTipo declaraciones
   96              | definicionConst declaraciones
   97              | definicionVar declaraciones
   98              | %empty

   99 definicionTipo: TK_TIPO listaDefsTipo TK_FTIPO

  100 definicionConst: TK_CONST listaDefsConstantes TK_FCONST

  101 definicionVar: TK_VAR listaDefsVariables TK_FVAR

  102 listaDefsTipo: TK_IDENTIFICADOR TK_IGUAL defTipo TK_PUNTOYCOMA listaDefsTipo
  103              | %empty

  104 defTipo: TK_TUPLA listaCampos TK_FTUPLA
  105        | TK_TABLA TK_CORCHETE_APERTURA expresionT TK_PUNTO_Y_PUNTO expresionT TK_CORCHETE_CIERRE TK_DE defTipo
  106        | TK_IDENTIFICADOR
  107        | expresionT TK_PUNTO_Y_PUNTO expresionT
  108        | TK_REF defTipo
  109        | TK_TIPOBASE

  110 expresionT: TK_LITERALENTERO
  111           | TK_LITERALCARACTER


Terminales con las reglas donde aparecen

    $end (0) 0
    error (256)
    TK_PUNTOYCOMA (258) 1 13 14 15 26 28 29 30 31 32 33 35 36 79 102
    TK_CONTINUAR (259) 81
    TK_ALGORITMO (260) 1
    TK_IDENTIFICADOR_BOOLEANO <paraCadena> (261) 40 41 71
    TK_IDENTIFICADOR <paraCadena> (262) 1 10 13 14 21 22 26 28 29 30 31 32 33 38 39 75 102 106
    TK_FALGORITMO (263) 1
    TK_PARA (264) 10
    TK_COMA (265) 23 39 41
    TK_PARENTESIS_APERTURA (266) 13 14 21 22 54 65
    TK_PARENTESIS_CIERRE (267) 13 14 21 22 54 65
    TK_ENT (268) 18 45
    TK_DOSPUNTOS (269) 18 19 20 26 38 40
    TK_SAL (270) 19 46
    TK_ENTSAL (271) 20
    TK_DEV (272) 12 14
    TK_FUNCION (273) 12
    TK_FFUNCION (274) 12
    TK_ACCION (275) 11
    TK_FACCION (276) 11
    TK_DOSPUNTOS_IGUAL <paraEntero> (277) 2 3 10 22
    TK_HASTA (278) 10
    TK_HACER (279) 9 10
    TK_FPARA (280) 10
    TK_MIENTRAS (281) 9
    TK_FMIENTRAS (282) 9
    TK_CORCHETES (283) 5
    TK_FLECHA (284) 4 5
    TK_SI (285) 4
    TK_FSI (286) 4
    TK_SUMA <paraEntero> (287) 59 68
    TK_RESTA <paraEntero> (288) 60 67
    TK_MULTIPLICACION <paraEntero> (289) 61
    TK_DIVISION <paraEntero> (290) 62
    TK_DIVISION_ENTERA <paraEntero> (291) 63
    TK_MODULO <paraEntero> (292) 64
    TK_LITERAL_NUMERICO <paraCadena> (293) 33 69
    TK_Y (294) 47
    TK_O (295) 48
    TK_NO (296) 49
    TK_VERDADERO <paraCadena> (297) 30 51
    TK_FALSO <paraCadena> (298) 31 52
    TK_OPREL (299) 53
    TK_CORCHETE_APERTURA (300) 73 77 105
    TK_CORCHETE_CIERRE (301) 73 77 105
    TK_PUNTO (302) 72 76
    TK_COMENTARIO (303) 86 87
    TK_TIPO (304) 99
    TK_FTIPO (305) 99
    TK_CONST (306) 100
    TK_FCONST (307) 100
    TK_VAR (308) 101
    TK_FVAR (309) 101
    TK_TUPLA (310) 104
    TK_FTUPLA (311) 104
    TK_TABLA (312) 105
    TK_PUNTO_Y_PUNTO (313) 105 107
    TK_REF (314) 74 78 108
    TK_DE (315) 105
    TK_TIPOBASE <paraEntero> (316) 109
    TK_LITERALENTERO <paraCadena> (317) 28 70 110
    TK_LITERALCARACTER (318) 29 111
    TK_IGUAL (319) 28 29 30 31 32 33 102
    TK_LITERAL_CADENA (320) 32


No terminales con las reglas donde aparecen

    $accept (66)
        on left: 0
    descAlgoritmo (67)
        on left: 1
        on right: 0
    asignacion (68)
        on left: 2 3
        on right: 82
    alternativa (69)
        on left: 4
        on right: 83
    listaOpciones (70)
        on left: 5 6
        on right: 4 5
    iteracion (71)
        on left: 7 8
        on right: 84
    itCotaVariable (72)
        on left: 9
        on right: 8
    itCotaFija (73)
        on left: 10
        on right: 7
    defAccion (74)
        on left: 11
        on right: 91
    defFuncion (75)
        on left: 12
        on right: 92
    cabeceraAccion (76)
        on left: 13
        on right: 11
    cabeceraFuncion (77)
        on left: 14
        on right: 12
    defParForm (78)
        on left: 15 16 17
        on right: 13 15
    dParForm (79)
        on left: 18 19 20
        on right: 15 16
    llamadaAccion (80)
        on left: 21
        on right: 85
    llamadaFuncion <paraCadena> (81)
        on left: 22
        on right: 58
    parametrosReales (82)
        on left: 23 24 25
        on right: 21 22 23
    listaCampos (83)
        on left: 26 27
        on right: 26 104
    listaDefsConstantes (84)
        on left: 28 29 30 31 32 33 34
        on right: 28 29 30 31 32 33 100
    listaDefsVariables (85)
        on left: 35 36 37
        on right: 14 35 36 45 46 101
    listaId <paraEntero> (86)
        on left: 38 39
        on right: 18 19 20 35 39
    listaIdBooleanos <paraEntero> (87)
        on left: 40 41
        on right: 36 41
    defVariablesInteraccion (88)
        on left: 42 43 44
        on right: 86
    defEntrada (89)
        on left: 45
        on right: 42 43
    defSalida (90)
        on left: 46
        on right: 43 44
    expBool <paraCadena> (91)
        on left: 47 48 49 50 51 52 53 54
        on right: 47 48 49 54 57
    M (92)
        on left: 55
        on right: 47
    expresion <paraCadena> (93)
        on left: 56 57 58
        on right: 2 3 4 5 9 10 12 23 24 53 73 77
    expArit <paraCadena> (94)
        on left: 59 60 61 62 63 64 65 66 67 68 69 70
        on right: 56 59 60 61 62 63 64 65 67 68
    operandoBooleano <paraCadena> (95)
        on left: 71 72 73 74
        on right: 2 50 72 73 74
    operandoAritmetico <paraCadena> (96)
        on left: 75 76 77 78
        on right: 3 66 76 77 78
    instrucciones (97)
        on left: 79 80
        on right: 4 5 9 10 79 94
    instruccion (98)
        on left: 81 82 83 84 85
        on right: 79 80
    cabeceraAlgoritmo (99)
        on left: 86
        on right: 1
    bloqueAlgoritmo (100)
        on left: 87
        on right: 1
    defGlobales (101)
        on left: 88 89 90
        on right: 86 88 89
    defAccionesFunciones (102)
        on left: 91 92 93
        on right: 86 91 92
    bloque (103)
        on left: 94
        on right: 11 12 87
    declaraciones (104)
        on left: 95 96 97 98
        on right: 94 95 96 97
    definicionTipo (105)
        on left: 99
        on right: 88 95
    definicionConst (106)
        on left: 100
        on right: 89 96
    definicionVar (107)
        on left: 101
        on right: 97
    listaDefsTipo (108)
        on left: 102 103
        on right: 99 102
    defTipo <paraEntero> (109)
        on left: 104 105 106 107 108 109
        on right: 14 18 19 20 26 38 40 102 105 108
    expresionT (110)
        on left: 110 111
        on right: 105 107


Estado 0

    0 $accept: . descAlgoritmo $end

    TK_ALGORITMO  desplazar e ir al estado 1

    descAlgoritmo  ir al estado 2


Estado 1

    1 descAlgoritmo: TK_ALGORITMO . TK_IDENTIFICADOR TK_PUNTOYCOMA cabeceraAlgoritmo bloqueAlgoritmo TK_FALGORITMO

    TK_IDENTIFICADOR  desplazar e ir al estado 3


Estado 2

    0 $accept: descAlgoritmo . $end

    $end  desplazar e ir al estado 4


Estado 3

    1 descAlgoritmo: TK_ALGORITMO TK_IDENTIFICADOR . TK_PUNTOYCOMA cabeceraAlgoritmo bloqueAlgoritmo TK_FALGORITMO

    TK_PUNTOYCOMA  desplazar e ir al estado 5


Estado 4

    0 $accept: descAlgoritmo $end .

    $default  aceptar


Estado 5

    1 descAlgoritmo: TK_ALGORITMO TK_IDENTIFICADOR TK_PUNTOYCOMA . cabeceraAlgoritmo bloqueAlgoritmo TK_FALGORITMO

    TK_TIPO   desplazar e ir al estado 6
    TK_CONST  desplazar e ir al estado 7

    $default  reduce usando la regla 90 (defGlobales)

    cabeceraAlgoritmo  ir al estado 8
    defGlobales        ir al estado 9
    definicionTipo     ir al estado 10
    definicionConst    ir al estado 11


Estado 6

   99 definicionTipo: TK_TIPO . listaDefsTipo TK_FTIPO

    TK_IDENTIFICADOR  desplazar e ir al estado 12

    $default  reduce usando la regla 103 (listaDefsTipo)

    listaDefsTipo  ir al estado 13


Estado 7

  100 definicionConst: TK_CONST . listaDefsConstantes TK_FCONST

    TK_IDENTIFICADOR  desplazar e ir al estado 14

    $default  reduce usando la regla 34 (listaDefsConstantes)

    listaDefsConstantes  ir al estado 15


Estado 8

    1 descAlgoritmo: TK_ALGORITMO TK_IDENTIFICADOR TK_PUNTOYCOMA cabeceraAlgoritmo . bloqueAlgoritmo TK_FALGORITMO

    TK_TIPO   desplazar e ir al estado 6
    TK_CONST  desplazar e ir al estado 7
    TK_VAR    desplazar e ir al estado 16

    $default  reduce usando la regla 98 (declaraciones)

    bloqueAlgoritmo  ir al estado 17
    bloque           ir al estado 18
    declaraciones    ir al estado 19
    definicionTipo   ir al estado 20
    definicionConst  ir al estado 21
    definicionVar    ir al estado 22


Estado 9

   86 cabeceraAlgoritmo: defGlobales . defAccionesFunciones defVariablesInteraccion TK_COMENTARIO

    TK_FUNCION  desplazar e ir al estado 23
    TK_ACCION   desplazar e ir al estado 24

    $default  reduce usando la regla 93 (defAccionesFunciones)

    defAccion             ir al estado 25
    defFuncion            ir al estado 26
    defAccionesFunciones  ir al estado 27


Estado 10

   88 defGlobales: definicionTipo . defGlobales

    TK_TIPO   desplazar e ir al estado 6
    TK_CONST  desplazar e ir al estado 7

    $default  reduce usando la regla 90 (defGlobales)

    defGlobales      ir al estado 28
    definicionTipo   ir al estado 10
    definicionConst  ir al estado 11


Estado 11

   89 defGlobales: definicionConst . defGlobales

    TK_TIPO   desplazar e ir al estado 6
    TK_CONST  desplazar e ir al estado 7

    $default  reduce usando la regla 90 (defGlobales)

    defGlobales      ir al estado 29
    definicionTipo   ir al estado 10
    definicionConst  ir al estado 11


Estado 12

  102 listaDefsTipo: TK_IDENTIFICADOR . TK_IGUAL defTipo TK_PUNTOYCOMA listaDefsTipo

    TK_IGUAL  desplazar e ir al estado 30


Estado 13

   99 definicionTipo: TK_TIPO listaDefsTipo . TK_FTIPO

    TK_FTIPO  desplazar e ir al estado 31


Estado 14

   28 listaDefsConstantes: TK_IDENTIFICADOR . TK_IGUAL TK_LITERALENTERO TK_PUNTOYCOMA listaDefsConstantes
   29                    | TK_IDENTIFICADOR . TK_IGUAL TK_LITERALCARACTER TK_PUNTOYCOMA listaDefsConstantes
   30                    | TK_IDENTIFICADOR . TK_IGUAL TK_VERDADERO TK_PUNTOYCOMA listaDefsConstantes
   31                    | TK_IDENTIFICADOR . TK_IGUAL TK_FALSO TK_PUNTOYCOMA listaDefsConstantes
   32                    | TK_IDENTIFICADOR . TK_IGUAL TK_LITERAL_CADENA TK_PUNTOYCOMA listaDefsConstantes
   33                    | TK_IDENTIFICADOR . TK_IGUAL TK_LITERAL_NUMERICO TK_PUNTOYCOMA listaDefsConstantes

    TK_IGUAL  desplazar e ir al estado 32


Estado 15

  100 definicionConst: TK_CONST listaDefsConstantes . TK_FCONST

    TK_FCONST  desplazar e ir al estado 33


Estado 16

  101 definicionVar: TK_VAR . listaDefsVariables TK_FVAR

    TK_IDENTIFICADOR_BOOLEANO  desplazar e ir al estado 34
    TK_IDENTIFICADOR           desplazar e ir al estado 35

    $default  reduce usando la regla 37 (listaDefsVariables)

    listaDefsVariables  ir al estado 36
    listaId             ir al estado 37
    listaIdBooleanos    ir al estado 38


Estado 17

    1 descAlgoritmo: TK_ALGORITMO TK_IDENTIFICADOR TK_PUNTOYCOMA cabeceraAlgoritmo bloqueAlgoritmo . TK_FALGORITMO

    TK_FALGORITMO  desplazar e ir al estado 39


Estado 18

   87 bloqueAlgoritmo: bloque . TK_COMENTARIO

    TK_COMENTARIO  desplazar e ir al estado 40


Estado 19

   94 bloque: declaraciones . instrucciones

    TK_CONTINUAR               desplazar e ir al estado 41
    TK_IDENTIFICADOR_BOOLEANO  desplazar e ir al estado 42
    TK_IDENTIFICADOR           desplazar e ir al estado 43
    TK_PARA                    desplazar e ir al estado 44
    TK_MIENTRAS                desplazar e ir al estado 45
    TK_SI                      desplazar e ir al estado 46

    asignacion          ir al estado 47
    alternativa         ir al estado 48
    iteracion           ir al estado 49
    itCotaVariable      ir al estado 50
    itCotaFija          ir al estado 51
    llamadaAccion       ir al estado 52
    operandoBooleano    ir al estado 53
    operandoAritmetico  ir al estado 54
    instrucciones       ir al estado 55
    instruccion         ir al estado 56


Estado 20

   95 declaraciones: definicionTipo . declaraciones

    TK_TIPO   desplazar e ir al estado 6
    TK_CONST  desplazar e ir al estado 7
    TK_VAR    desplazar e ir al estado 16

    $default  reduce usando la regla 98 (declaraciones)

    declaraciones    ir al estado 57
    definicionTipo   ir al estado 20
    definicionConst  ir al estado 21
    definicionVar    ir al estado 22


Estado 21

   96 declaraciones: definicionConst . declaraciones

    TK_TIPO   desplazar e ir al estado 6
    TK_CONST  desplazar e ir al estado 7
    TK_VAR    desplazar e ir al estado 16

    $default  reduce usando la regla 98 (declaraciones)

    declaraciones    ir al estado 58
    definicionTipo   ir al estado 20
    definicionConst  ir al estado 21
    definicionVar    ir al estado 22


Estado 22

   97 declaraciones: definicionVar . declaraciones

    TK_TIPO   desplazar e ir al estado 6
    TK_CONST  desplazar e ir al estado 7
    TK_VAR    desplazar e ir al estado 16

    $default  reduce usando la regla 98 (declaraciones)

    declaraciones    ir al estado 59
    definicionTipo   ir al estado 20
    definicionConst  ir al estado 21
    definicionVar    ir al estado 22


Estado 23

   12 defFuncion: TK_FUNCION . cabeceraFuncion bloque TK_DEV expresion TK_FFUNCION

    TK_IDENTIFICADOR  desplazar e ir al estado 60

    cabeceraFuncion  ir al estado 61


Estado 24

   11 defAccion: TK_ACCION . cabeceraAccion bloque TK_FACCION

    TK_IDENTIFICADOR  desplazar e ir al estado 62

    cabeceraAccion  ir al estado 63


Estado 25

   91 defAccionesFunciones: defAccion . defAccionesFunciones

    TK_FUNCION  desplazar e ir al estado 23
    TK_ACCION   desplazar e ir al estado 24

    $default  reduce usando la regla 93 (defAccionesFunciones)

    defAccion             ir al estado 25
    defFuncion            ir al estado 26
    defAccionesFunciones  ir al estado 64


Estado 26

   92 defAccionesFunciones: defFuncion . defAccionesFunciones

    TK_FUNCION  desplazar e ir al estado 23
    TK_ACCION   desplazar e ir al estado 24

    $default  reduce usando la regla 93 (defAccionesFunciones)

    defAccion             ir al estado 25
    defFuncion            ir al estado 26
    defAccionesFunciones  ir al estado 65


Estado 27

   86 cabeceraAlgoritmo: defGlobales defAccionesFunciones . defVariablesInteraccion TK_COMENTARIO

    TK_ENT  desplazar e ir al estado 66
    TK_SAL  desplazar e ir al estado 67

    defVariablesInteraccion  ir al estado 68
    defEntrada               ir al estado 69
    defSalida                ir al estado 70


Estado 28

   88 defGlobales: definicionTipo defGlobales .

    $default  reduce usando la regla 88 (defGlobales)


Estado 29

   89 defGlobales: definicionConst defGlobales .

    $default  reduce usando la regla 89 (defGlobales)


Estado 30

  102 listaDefsTipo: TK_IDENTIFICADOR TK_IGUAL . defTipo TK_PUNTOYCOMA listaDefsTipo

    TK_IDENTIFICADOR    desplazar e ir al estado 71
    TK_TUPLA            desplazar e ir al estado 72
    TK_TABLA            desplazar e ir al estado 73
    TK_REF              desplazar e ir al estado 74
    TK_TIPOBASE         desplazar e ir al estado 75
    TK_LITERALENTERO    desplazar e ir al estado 76
    TK_LITERALCARACTER  desplazar e ir al estado 77

    defTipo     ir al estado 78
    expresionT  ir al estado 79


Estado 31

   99 definicionTipo: TK_TIPO listaDefsTipo TK_FTIPO .

    $default  reduce usando la regla 99 (definicionTipo)


Estado 32

   28 listaDefsConstantes: TK_IDENTIFICADOR TK_IGUAL . TK_LITERALENTERO TK_PUNTOYCOMA listaDefsConstantes
   29                    | TK_IDENTIFICADOR TK_IGUAL . TK_LITERALCARACTER TK_PUNTOYCOMA listaDefsConstantes
   30                    | TK_IDENTIFICADOR TK_IGUAL . TK_VERDADERO TK_PUNTOYCOMA listaDefsConstantes
   31                    | TK_IDENTIFICADOR TK_IGUAL . TK_FALSO TK_PUNTOYCOMA listaDefsConstantes
   32                    | TK_IDENTIFICADOR TK_IGUAL . TK_LITERAL_CADENA TK_PUNTOYCOMA listaDefsConstantes
   33                    | TK_IDENTIFICADOR TK_IGUAL . TK_LITERAL_NUMERICO TK_PUNTOYCOMA listaDefsConstantes

    TK_LITERAL_NUMERICO  desplazar e ir al estado 80
    TK_VERDADERO         desplazar e ir al estado 81
    TK_FALSO             desplazar e ir al estado 82
    TK_LITERALENTERO     desplazar e ir al estado 83
    TK_LITERALCARACTER   desplazar e ir al estado 84
    TK_LITERAL_CADENA    desplazar e ir al estado 85


Estado 33

  100 definicionConst: TK_CONST listaDefsConstantes TK_FCONST .

    $default  reduce usando la regla 100 (definicionConst)


Estado 34

   40 listaIdBooleanos: TK_IDENTIFICADOR_BOOLEANO . TK_DOSPUNTOS defTipo
   41                 | TK_IDENTIFICADOR_BOOLEANO . TK_COMA listaIdBooleanos

    TK_COMA       desplazar e ir al estado 86
    TK_DOSPUNTOS  desplazar e ir al estado 87


Estado 35

   38 listaId: TK_IDENTIFICADOR . TK_DOSPUNTOS defTipo
   39        | TK_IDENTIFICADOR . TK_COMA listaId

    TK_COMA       desplazar e ir al estado 88
    TK_DOSPUNTOS  desplazar e ir al estado 89


Estado 36

  101 definicionVar: TK_VAR listaDefsVariables . TK_FVAR

    TK_FVAR  desplazar e ir al estado 90


Estado 37

   35 listaDefsVariables: listaId . TK_PUNTOYCOMA listaDefsVariables

    TK_PUNTOYCOMA  desplazar e ir al estado 91


Estado 38

   36 listaDefsVariables: listaIdBooleanos . TK_PUNTOYCOMA listaDefsVariables

    TK_PUNTOYCOMA  desplazar e ir al estado 92


Estado 39

    1 descAlgoritmo: TK_ALGORITMO TK_IDENTIFICADOR TK_PUNTOYCOMA cabeceraAlgoritmo bloqueAlgoritmo TK_FALGORITMO .

    $default  reduce usando la regla 1 (descAlgoritmo)


Estado 40

   87 bloqueAlgoritmo: bloque TK_COMENTARIO .

    $default  reduce usando la regla 87 (bloqueAlgoritmo)


Estado 41

   81 instruccion: TK_CONTINUAR .

    $default  reduce usando la regla 81 (instruccion)


Estado 42

   71 operandoBooleano: TK_IDENTIFICADOR_BOOLEANO .

    $default  reduce usando la regla 71 (operandoBooleano)


Estado 43

   21 llamadaAccion: TK_IDENTIFICADOR . TK_PARENTESIS_APERTURA parametrosReales TK_PARENTESIS_CIERRE
   75 operandoAritmetico: TK_IDENTIFICADOR .

    TK_PARENTESIS_APERTURA  desplazar e ir al estado 93

    $default  reduce usando la regla 75 (operandoAritmetico)


Estado 44

   10 itCotaFija: TK_PARA . TK_IDENTIFICADOR TK_DOSPUNTOS_IGUAL expresion TK_HASTA expresion TK_HACER instrucciones TK_FPARA

    TK_IDENTIFICADOR  desplazar e ir al estado 94


Estado 45

    9 itCotaVariable: TK_MIENTRAS . expresion TK_HACER instrucciones TK_FMIENTRAS

    TK_IDENTIFICADOR_BOOLEANO  desplazar e ir al estado 42
    TK_IDENTIFICADOR           desplazar e ir al estado 95
    TK_PARENTESIS_APERTURA     desplazar e ir al estado 96
    TK_SUMA                    desplazar e ir al estado 97
    TK_RESTA                   desplazar e ir al estado 98
    TK_LITERAL_NUMERICO        desplazar e ir al estado 99
    TK_NO                      desplazar e ir al estado 100
    TK_VERDADERO               desplazar e ir al estado 101
    TK_FALSO                   desplazar e ir al estado 102
    TK_LITERALENTERO           desplazar e ir al estado 103

    llamadaFuncion      ir al estado 104
    expBool             ir al estado 105
    expresion           ir al estado 106
    expArit             ir al estado 107
    operandoBooleano    ir al estado 108
    operandoAritmetico  ir al estado 109


Estado 46

    4 alternativa: TK_SI . expresion TK_FLECHA instrucciones listaOpciones TK_FSI

    TK_IDENTIFICADOR_BOOLEANO  desplazar e ir al estado 42
    TK_IDENTIFICADOR           desplazar e ir al estado 95
    TK_PARENTESIS_APERTURA     desplazar e ir al estado 96
    TK_SUMA                    desplazar e ir al estado 97
    TK_RESTA                   desplazar e ir al estado 98
    TK_LITERAL_NUMERICO        desplazar e ir al estado 99
    TK_NO                      desplazar e ir al estado 100
    TK_VERDADERO               desplazar e ir al estado 101
    TK_FALSO                   desplazar e ir al estado 102
    TK_LITERALENTERO           desplazar e ir al estado 103

    llamadaFuncion      ir al estado 104
    expBool             ir al estado 105
    expresion           ir al estado 110
    expArit             ir al estado 107
    operandoBooleano    ir al estado 108
    operandoAritmetico  ir al estado 109


Estado 47

   82 instruccion: asignacion .

    $default  reduce usando la regla 82 (instruccion)


Estado 48

   83 instruccion: alternativa .

    $default  reduce usando la regla 83 (instruccion)


Estado 49

   84 instruccion: iteracion .

    $default  reduce usando la regla 84 (instruccion)


Estado 50

    8 iteracion: itCotaVariable .

    $default  reduce usando la regla 8 (iteracion)


Estado 51

    7 iteracion: itCotaFija .

    $default  reduce usando la regla 7 (iteracion)


Estado 52

   85 instruccion: llamadaAccion .

    $default  reduce usando la regla 85 (instruccion)


Estado 53

    2 asignacion: operandoBooleano . TK_DOSPUNTOS_IGUAL expresion
   72 operandoBooleano: operandoBooleano . TK_PUNTO operandoBooleano
   73                 | operandoBooleano . TK_CORCHETE_APERTURA expresion TK_CORCHETE_CIERRE
   74                 | operandoBooleano . TK_REF

    TK_DOSPUNTOS_IGUAL    desplazar e ir al estado 111
    TK_CORCHETE_APERTURA  desplazar e ir al estado 112
    TK_PUNTO              desplazar e ir al estado 113
    TK_REF                desplazar e ir al estado 114


Estado 54

    3 asignacion: operandoAritmetico . TK_DOSPUNTOS_IGUAL expresion
   76 operandoAritmetico: operandoAritmetico . TK_PUNTO operandoAritmetico
   77                   | operandoAritmetico . TK_CORCHETE_APERTURA expresion TK_CORCHETE_CIERRE
   78                   | operandoAritmetico . TK_REF

    TK_DOSPUNTOS_IGUAL    desplazar e ir al estado 115
    TK_CORCHETE_APERTURA  desplazar e ir al estado 116
    TK_PUNTO              desplazar e ir al estado 117
    TK_REF                desplazar e ir al estado 118


Estado 55

   94 bloque: declaraciones instrucciones .

    $default  reduce usando la regla 94 (bloque)


Estado 56

   79 instrucciones: instruccion . TK_PUNTOYCOMA instrucciones
   80              | instruccion .

    TK_PUNTOYCOMA  desplazar e ir al estado 119

    $default  reduce usando la regla 80 (instrucciones)


Estado 57

   95 declaraciones: definicionTipo declaraciones .

    $default  reduce usando la regla 95 (declaraciones)


Estado 58

   96 declaraciones: definicionConst declaraciones .

    $default  reduce usando la regla 96 (declaraciones)


Estado 59

   97 declaraciones: definicionVar declaraciones .

    $default  reduce usando la regla 97 (declaraciones)


Estado 60

   14 cabeceraFuncion: TK_IDENTIFICADOR . TK_PARENTESIS_APERTURA listaDefsVariables TK_PARENTESIS_CIERRE TK_DEV defTipo TK_PUNTOYCOMA

    TK_PARENTESIS_APERTURA  desplazar e ir al estado 120


Estado 61

   12 defFuncion: TK_FUNCION cabeceraFuncion . bloque TK_DEV expresion TK_FFUNCION

    TK_TIPO   desplazar e ir al estado 6
    TK_CONST  desplazar e ir al estado 7
    TK_VAR    desplazar e ir al estado 16

    $default  reduce usando la regla 98 (declaraciones)

    bloque           ir al estado 121
    declaraciones    ir al estado 19
    definicionTipo   ir al estado 20
    definicionConst  ir al estado 21
    definicionVar    ir al estado 22


Estado 62

   13 cabeceraAccion: TK_IDENTIFICADOR . TK_PARENTESIS_APERTURA defParForm TK_PARENTESIS_CIERRE TK_PUNTOYCOMA

    TK_PARENTESIS_APERTURA  desplazar e ir al estado 122


Estado 63

   11 defAccion: TK_ACCION cabeceraAccion . bloque TK_FACCION

    TK_TIPO   desplazar e ir al estado 6
    TK_CONST  desplazar e ir al estado 7
    TK_VAR    desplazar e ir al estado 16

    $default  reduce usando la regla 98 (declaraciones)

    bloque           ir al estado 123
    declaraciones    ir al estado 19
    definicionTipo   ir al estado 20
    definicionConst  ir al estado 21
    definicionVar    ir al estado 22


Estado 64

   91 defAccionesFunciones: defAccion defAccionesFunciones .

    $default  reduce usando la regla 91 (defAccionesFunciones)


Estado 65

   92 defAccionesFunciones: defFuncion defAccionesFunciones .

    $default  reduce usando la regla 92 (defAccionesFunciones)


Estado 66

   45 defEntrada: TK_ENT . listaDefsVariables

    TK_IDENTIFICADOR_BOOLEANO  desplazar e ir al estado 34
    TK_IDENTIFICADOR           desplazar e ir al estado 35

    $default  reduce usando la regla 37 (listaDefsVariables)

    listaDefsVariables  ir al estado 124
    listaId             ir al estado 37
    listaIdBooleanos    ir al estado 38


Estado 67

   46 defSalida: TK_SAL . listaDefsVariables

    TK_IDENTIFICADOR_BOOLEANO  desplazar e ir al estado 34
    TK_IDENTIFICADOR           desplazar e ir al estado 35

    $default  reduce usando la regla 37 (listaDefsVariables)

    listaDefsVariables  ir al estado 125
    listaId             ir al estado 37
    listaIdBooleanos    ir al estado 38


Estado 68

   86 cabeceraAlgoritmo: defGlobales defAccionesFunciones defVariablesInteraccion . TK_COMENTARIO

    TK_COMENTARIO  desplazar e ir al estado 126


Estado 69

   42 defVariablesInteraccion: defEntrada .
   43                        | defEntrada . defSalida

    TK_SAL  desplazar e ir al estado 67

    $default  reduce usando la regla 42 (defVariablesInteraccion)

    defSalida  ir al estado 127


Estado 70

   44 defVariablesInteraccion: defSalida .

    $default  reduce usando la regla 44 (defVariablesInteraccion)


Estado 71

  106 defTipo: TK_IDENTIFICADOR .

    $default  reduce usando la regla 106 (defTipo)


Estado 72

  104 defTipo: TK_TUPLA . listaCampos TK_FTUPLA

    TK_IDENTIFICADOR  desplazar e ir al estado 128

    $default  reduce usando la regla 27 (listaCampos)

    listaCampos  ir al estado 129


Estado 73

  105 defTipo: TK_TABLA . TK_CORCHETE_APERTURA expresionT TK_PUNTO_Y_PUNTO expresionT TK_CORCHETE_CIERRE TK_DE defTipo

    TK_CORCHETE_APERTURA  desplazar e ir al estado 130


Estado 74

  108 defTipo: TK_REF . defTipo

    TK_IDENTIFICADOR    desplazar e ir al estado 71
    TK_TUPLA            desplazar e ir al estado 72
    TK_TABLA            desplazar e ir al estado 73
    TK_REF              desplazar e ir al estado 74
    TK_TIPOBASE         desplazar e ir al estado 75
    TK_LITERALENTERO    desplazar e ir al estado 76
    TK_LITERALCARACTER  desplazar e ir al estado 77

    defTipo     ir al estado 131
    expresionT  ir al estado 79


Estado 75

  109 defTipo: TK_TIPOBASE .

    $default  reduce usando la regla 109 (defTipo)


Estado 76

  110 expresionT: TK_LITERALENTERO .

    $default  reduce usando la regla 110 (expresionT)


Estado 77

  111 expresionT: TK_LITERALCARACTER .

    $default  reduce usando la regla 111 (expresionT)


Estado 78

  102 listaDefsTipo: TK_IDENTIFICADOR TK_IGUAL defTipo . TK_PUNTOYCOMA listaDefsTipo

    TK_PUNTOYCOMA  desplazar e ir al estado 132


Estado 79

  107 defTipo: expresionT . TK_PUNTO_Y_PUNTO expresionT

    TK_PUNTO_Y_PUNTO  desplazar e ir al estado 133


Estado 80

   33 listaDefsConstantes: TK_IDENTIFICADOR TK_IGUAL TK_LITERAL_NUMERICO . TK_PUNTOYCOMA listaDefsConstantes

    TK_PUNTOYCOMA  desplazar e ir al estado 134


Estado 81

   30 listaDefsConstantes: TK_IDENTIFICADOR TK_IGUAL TK_VERDADERO . TK_PUNTOYCOMA listaDefsConstantes

    TK_PUNTOYCOMA  desplazar e ir al estado 135


Estado 82

   31 listaDefsConstantes: TK_IDENTIFICADOR TK_IGUAL TK_FALSO . TK_PUNTOYCOMA listaDefsConstantes

    TK_PUNTOYCOMA  desplazar e ir al estado 136


Estado 83

   28 listaDefsConstantes: TK_IDENTIFICADOR TK_IGUAL TK_LITERALENTERO . TK_PUNTOYCOMA listaDefsConstantes

    TK_PUNTOYCOMA  desplazar e ir al estado 137


Estado 84

   29 listaDefsConstantes: TK_IDENTIFICADOR TK_IGUAL TK_LITERALCARACTER . TK_PUNTOYCOMA listaDefsConstantes

    TK_PUNTOYCOMA  desplazar e ir al estado 138


Estado 85

   32 listaDefsConstantes: TK_IDENTIFICADOR TK_IGUAL TK_LITERAL_CADENA . TK_PUNTOYCOMA listaDefsConstantes

    TK_PUNTOYCOMA  desplazar e ir al estado 139


Estado 86

   41 listaIdBooleanos: TK_IDENTIFICADOR_BOOLEANO TK_COMA . listaIdBooleanos

    TK_IDENTIFICADOR_BOOLEANO  desplazar e ir al estado 34

    listaIdBooleanos  ir al estado 140


Estado 87

   40 listaIdBooleanos: TK_IDENTIFICADOR_BOOLEANO TK_DOSPUNTOS . defTipo

    TK_IDENTIFICADOR    desplazar e ir al estado 71
    TK_TUPLA            desplazar e ir al estado 72
    TK_TABLA            desplazar e ir al estado 73
    TK_REF              desplazar e ir al estado 74
    TK_TIPOBASE         desplazar e ir al estado 75
    TK_LITERALENTERO    desplazar e ir al estado 76
    TK_LITERALCARACTER  desplazar e ir al estado 77

    defTipo     ir al estado 141
    expresionT  ir al estado 79


Estado 88

   39 listaId: TK_IDENTIFICADOR TK_COMA . listaId

    TK_IDENTIFICADOR  desplazar e ir al estado 35

    listaId  ir al estado 142


Estado 89

   38 listaId: TK_IDENTIFICADOR TK_DOSPUNTOS . defTipo

    TK_IDENTIFICADOR    desplazar e ir al estado 71
    TK_TUPLA            desplazar e ir al estado 72
    TK_TABLA            desplazar e ir al estado 73
    TK_REF              desplazar e ir al estado 74
    TK_TIPOBASE         desplazar e ir al estado 75
    TK_LITERALENTERO    desplazar e ir al estado 76
    TK_LITERALCARACTER  desplazar e ir al estado 77

    defTipo     ir al estado 143
    expresionT  ir al estado 79


Estado 90

  101 definicionVar: TK_VAR listaDefsVariables TK_FVAR .

    $default  reduce usando la regla 101 (definicionVar)


Estado 91

   35 listaDefsVariables: listaId TK_PUNTOYCOMA . listaDefsVariables

    TK_IDENTIFICADOR_BOOLEANO  desplazar e ir al estado 34
    TK_IDENTIFICADOR           desplazar e ir al estado 35

    $default  reduce usando la regla 37 (listaDefsVariables)

    listaDefsVariables  ir al estado 144
    listaId             ir al estado 37
    listaIdBooleanos    ir al estado 38


Estado 92

   36 listaDefsVariables: listaIdBooleanos TK_PUNTOYCOMA . listaDefsVariables

    TK_IDENTIFICADOR_BOOLEANO  desplazar e ir al estado 34
    TK_IDENTIFICADOR           desplazar e ir al estado 35

    $default  reduce usando la regla 37 (listaDefsVariables)

    listaDefsVariables  ir al estado 145
    listaId             ir al estado 37
    listaIdBooleanos    ir al estado 38


Estado 93

   21 llamadaAccion: TK_IDENTIFICADOR TK_PARENTESIS_APERTURA . parametrosReales TK_PARENTESIS_CIERRE

    TK_IDENTIFICADOR_BOOLEANO  desplazar e ir al estado 42
    TK_IDENTIFICADOR           desplazar e ir al estado 95
    TK_PARENTESIS_APERTURA     desplazar e ir al estado 96
    TK_SUMA                    desplazar e ir al estado 97
    TK_RESTA                   desplazar e ir al estado 98
    TK_LITERAL_NUMERICO        desplazar e ir al estado 99
    TK_NO                      desplazar e ir al estado 100
    TK_VERDADERO               desplazar e ir al estado 101
    TK_FALSO                   desplazar e ir al estado 102
    TK_LITERALENTERO           desplazar e ir al estado 103

    $default  reduce usando la regla 25 (parametrosReales)

    llamadaFuncion      ir al estado 104
    parametrosReales    ir al estado 146
    expBool             ir al estado 105
    expresion           ir al estado 147
    expArit             ir al estado 107
    operandoBooleano    ir al estado 108
    operandoAritmetico  ir al estado 109


Estado 94

   10 itCotaFija: TK_PARA TK_IDENTIFICADOR . TK_DOSPUNTOS_IGUAL expresion TK_HASTA expresion TK_HACER instrucciones TK_FPARA

    TK_DOSPUNTOS_IGUAL  desplazar e ir al estado 148


Estado 95

   22 llamadaFuncion: TK_IDENTIFICADOR . TK_DOSPUNTOS_IGUAL TK_PARENTESIS_APERTURA parametrosReales TK_PARENTESIS_CIERRE
   75 operandoAritmetico: TK_IDENTIFICADOR .

    TK_DOSPUNTOS_IGUAL  desplazar e ir al estado 149

    $default  reduce usando la regla 75 (operandoAritmetico)


Estado 96

   54 expBool: TK_PARENTESIS_APERTURA . expBool TK_PARENTESIS_CIERRE
   65 expArit: TK_PARENTESIS_APERTURA . expArit TK_PARENTESIS_CIERRE

    TK_IDENTIFICADOR_BOOLEANO  desplazar e ir al estado 42
    TK_IDENTIFICADOR           desplazar e ir al estado 95
    TK_PARENTESIS_APERTURA     desplazar e ir al estado 96
    TK_SUMA                    desplazar e ir al estado 97
    TK_RESTA                   desplazar e ir al estado 98
    TK_LITERAL_NUMERICO        desplazar e ir al estado 99
    TK_NO                      desplazar e ir al estado 100
    TK_VERDADERO               desplazar e ir al estado 101
    TK_FALSO                   desplazar e ir al estado 102
    TK_LITERALENTERO           desplazar e ir al estado 103

    llamadaFuncion      ir al estado 104
    expBool             ir al estado 150
    expresion           ir al estado 151
    expArit             ir al estado 152
    operandoBooleano    ir al estado 108
    operandoAritmetico  ir al estado 109


Estado 97

   68 expArit: TK_SUMA . expArit

    TK_IDENTIFICADOR        desplazar e ir al estado 153
    TK_PARENTESIS_APERTURA  desplazar e ir al estado 154
    TK_SUMA                 desplazar e ir al estado 97
    TK_RESTA                desplazar e ir al estado 98
    TK_LITERAL_NUMERICO     desplazar e ir al estado 99
    TK_LITERALENTERO        desplazar e ir al estado 103

    expArit             ir al estado 155
    operandoAritmetico  ir al estado 109


Estado 98

   67 expArit: TK_RESTA . expArit

    TK_IDENTIFICADOR        desplazar e ir al estado 153
    TK_PARENTESIS_APERTURA  desplazar e ir al estado 154
    TK_SUMA                 desplazar e ir al estado 97
    TK_RESTA                desplazar e ir al estado 98
    TK_LITERAL_NUMERICO     desplazar e ir al estado 99
    TK_LITERALENTERO        desplazar e ir al estado 103

    expArit             ir al estado 156
    operandoAritmetico  ir al estado 109


Estado 99

   69 expArit: TK_LITERAL_NUMERICO .

    $default  reduce usando la regla 69 (expArit)


Estado 100

   49 expBool: TK_NO . expBool

    TK_IDENTIFICADOR_BOOLEANO  desplazar e ir al estado 42
    TK_IDENTIFICADOR           desplazar e ir al estado 95
    TK_PARENTESIS_APERTURA     desplazar e ir al estado 96
    TK_SUMA                    desplazar e ir al estado 97
    TK_RESTA                   desplazar e ir al estado 98
    TK_LITERAL_NUMERICO        desplazar e ir al estado 99
    TK_NO                      desplazar e ir al estado 100
    TK_VERDADERO               desplazar e ir al estado 101
    TK_FALSO                   desplazar e ir al estado 102
    TK_LITERALENTERO           desplazar e ir al estado 103

    llamadaFuncion      ir al estado 104
    expBool             ir al estado 157
    expresion           ir al estado 151
    expArit             ir al estado 107
    operandoBooleano    ir al estado 108
    operandoAritmetico  ir al estado 109


Estado 101

   51 expBool: TK_VERDADERO .

    $default  reduce usando la regla 51 (expBool)


Estado 102

   52 expBool: TK_FALSO .

    $default  reduce usando la regla 52 (expBool)


Estado 103

   70 expArit: TK_LITERALENTERO .

    $default  reduce usando la regla 70 (expArit)


Estado 104

   58 expresion: llamadaFuncion .

    $default  reduce usando la regla 58 (expresion)


Estado 105

   47 expBool: expBool . TK_Y M expBool
   48        | expBool . TK_O expBool
   57 expresion: expBool .

    TK_Y  desplazar e ir al estado 158
    TK_O  desplazar e ir al estado 159

    TK_Y      [reduce usando la regla 57 (expresion)]
    TK_O      [reduce usando la regla 57 (expresion)]
    $default  reduce usando la regla 57 (expresion)


Estado 106

    9 itCotaVariable: TK_MIENTRAS expresion . TK_HACER instrucciones TK_FMIENTRAS
   53 expBool: expresion . TK_OPREL expresion

    TK_HACER  desplazar e ir al estado 160
    TK_OPREL  desplazar e ir al estado 161


Estado 107

   56 expresion: expArit .
   59 expArit: expArit . TK_SUMA expArit
   60        | expArit . TK_RESTA expArit
   61        | expArit . TK_MULTIPLICACION expArit
   62        | expArit . TK_DIVISION expArit
   63        | expArit . TK_DIVISION_ENTERA expArit
   64        | expArit . TK_MODULO expArit

    TK_SUMA             desplazar e ir al estado 162
    TK_RESTA            desplazar e ir al estado 163
    TK_MULTIPLICACION   desplazar e ir al estado 164
    TK_DIVISION         desplazar e ir al estado 165
    TK_DIVISION_ENTERA  desplazar e ir al estado 166
    TK_MODULO           desplazar e ir al estado 167

    $default  reduce usando la regla 56 (expresion)


Estado 108

   50 expBool: operandoBooleano .
   72 operandoBooleano: operandoBooleano . TK_PUNTO operandoBooleano
   73                 | operandoBooleano . TK_CORCHETE_APERTURA expresion TK_CORCHETE_CIERRE
   74                 | operandoBooleano . TK_REF

    TK_CORCHETE_APERTURA  desplazar e ir al estado 112
    TK_PUNTO              desplazar e ir al estado 113
    TK_REF                desplazar e ir al estado 114

    $default  reduce usando la regla 50 (expBool)


Estado 109

   66 expArit: operandoAritmetico .
   76 operandoAritmetico: operandoAritmetico . TK_PUNTO operandoAritmetico
   77                   | operandoAritmetico . TK_CORCHETE_APERTURA expresion TK_CORCHETE_CIERRE
   78                   | operandoAritmetico . TK_REF

    TK_CORCHETE_APERTURA  desplazar e ir al estado 116
    TK_PUNTO              desplazar e ir al estado 117
    TK_REF                desplazar e ir al estado 118

    $default  reduce usando la regla 66 (expArit)


Estado 110

    4 alternativa: TK_SI expresion . TK_FLECHA instrucciones listaOpciones TK_FSI
   53 expBool: expresion . TK_OPREL expresion

    TK_FLECHA  desplazar e ir al estado 168
    TK_OPREL   desplazar e ir al estado 161


Estado 111

    2 asignacion: operandoBooleano TK_DOSPUNTOS_IGUAL . expresion

    TK_IDENTIFICADOR_BOOLEANO  desplazar e ir al estado 42
    TK_IDENTIFICADOR           desplazar e ir al estado 95
    TK_PARENTESIS_APERTURA     desplazar e ir al estado 96
    TK_SUMA                    desplazar e ir al estado 97
    TK_RESTA                   desplazar e ir al estado 98
    TK_LITERAL_NUMERICO        desplazar e ir al estado 99
    TK_NO                      desplazar e ir al estado 100
    TK_VERDADERO               desplazar e ir al estado 101
    TK_FALSO                   desplazar e ir al estado 102
    TK_LITERALENTERO           desplazar e ir al estado 103

    llamadaFuncion      ir al estado 104
    expBool             ir al estado 105
    expresion           ir al estado 169
    expArit             ir al estado 107
    operandoBooleano    ir al estado 108
    operandoAritmetico  ir al estado 109


Estado 112

   73 operandoBooleano: operandoBooleano TK_CORCHETE_APERTURA . expresion TK_CORCHETE_CIERRE

    TK_IDENTIFICADOR_BOOLEANO  desplazar e ir al estado 42
    TK_IDENTIFICADOR           desplazar e ir al estado 95
    TK_PARENTESIS_APERTURA     desplazar e ir al estado 96
    TK_SUMA                    desplazar e ir al estado 97
    TK_RESTA                   desplazar e ir al estado 98
    TK_LITERAL_NUMERICO        desplazar e ir al estado 99
    TK_NO                      desplazar e ir al estado 100
    TK_VERDADERO               desplazar e ir al estado 101
    TK_FALSO                   desplazar e ir al estado 102
    TK_LITERALENTERO           desplazar e ir al estado 103

    llamadaFuncion      ir al estado 104
    expBool             ir al estado 105
    expresion           ir al estado 170
    expArit             ir al estado 107
    operandoBooleano    ir al estado 108
    operandoAritmetico  ir al estado 109


Estado 113

   72 operandoBooleano: operandoBooleano TK_PUNTO . operandoBooleano

    TK_IDENTIFICADOR_BOOLEANO  desplazar e ir al estado 42

    operandoBooleano  ir al estado 171


Estado 114

   74 operandoBooleano: operandoBooleano TK_REF .

    $default  reduce usando la regla 74 (operandoBooleano)


Estado 115

    3 asignacion: operandoAritmetico TK_DOSPUNTOS_IGUAL . expresion

    TK_IDENTIFICADOR_BOOLEANO  desplazar e ir al estado 42
    TK_IDENTIFICADOR           desplazar e ir al estado 95
    TK_PARENTESIS_APERTURA     desplazar e ir al estado 96
    TK_SUMA                    desplazar e ir al estado 97
    TK_RESTA                   desplazar e ir al estado 98
    TK_LITERAL_NUMERICO        desplazar e ir al estado 99
    TK_NO                      desplazar e ir al estado 100
    TK_VERDADERO               desplazar e ir al estado 101
    TK_FALSO                   desplazar e ir al estado 102
    TK_LITERALENTERO           desplazar e ir al estado 103

    llamadaFuncion      ir al estado 104
    expBool             ir al estado 105
    expresion           ir al estado 172
    expArit             ir al estado 107
    operandoBooleano    ir al estado 108
    operandoAritmetico  ir al estado 109


Estado 116

   77 operandoAritmetico: operandoAritmetico TK_CORCHETE_APERTURA . expresion TK_CORCHETE_CIERRE

    TK_IDENTIFICADOR_BOOLEANO  desplazar e ir al estado 42
    TK_IDENTIFICADOR           desplazar e ir al estado 95
    TK_PARENTESIS_APERTURA     desplazar e ir al estado 96
    TK_SUMA                    desplazar e ir al estado 97
    TK_RESTA                   desplazar e ir al estado 98
    TK_LITERAL_NUMERICO        desplazar e ir al estado 99
    TK_NO                      desplazar e ir al estado 100
    TK_VERDADERO               desplazar e ir al estado 101
    TK_FALSO                   desplazar e ir al estado 102
    TK_LITERALENTERO           desplazar e ir al estado 103

    llamadaFuncion      ir al estado 104
    expBool             ir al estado 105
    expresion           ir al estado 173
    expArit             ir al estado 107
    operandoBooleano    ir al estado 108
    operandoAritmetico  ir al estado 109


Estado 117

   76 operandoAritmetico: operandoAritmetico TK_PUNTO . operandoAritmetico

    TK_IDENTIFICADOR  desplazar e ir al estado 153

    operandoAritmetico  ir al estado 174


Estado 118

   78 operandoAritmetico: operandoAritmetico TK_REF .

    $default  reduce usando la regla 78 (operandoAritmetico)


Estado 119

   79 instrucciones: instruccion TK_PUNTOYCOMA . instrucciones

    TK_CONTINUAR               desplazar e ir al estado 41
    TK_IDENTIFICADOR_BOOLEANO  desplazar e ir al estado 42
    TK_IDENTIFICADOR           desplazar e ir al estado 43
    TK_PARA                    desplazar e ir al estado 44
    TK_MIENTRAS                desplazar e ir al estado 45
    TK_SI                      desplazar e ir al estado 46

    asignacion          ir al estado 47
    alternativa         ir al estado 48
    iteracion           ir al estado 49
    itCotaVariable      ir al estado 50
    itCotaFija          ir al estado 51
    llamadaAccion       ir al estado 52
    operandoBooleano    ir al estado 53
    operandoAritmetico  ir al estado 54
    instrucciones       ir al estado 175
    instruccion         ir al estado 56


Estado 120

   14 cabeceraFuncion: TK_IDENTIFICADOR TK_PARENTESIS_APERTURA . listaDefsVariables TK_PARENTESIS_CIERRE TK_DEV defTipo TK_PUNTOYCOMA

    TK_IDENTIFICADOR_BOOLEANO  desplazar e ir al estado 34
    TK_IDENTIFICADOR           desplazar e ir al estado 35

    $default  reduce usando la regla 37 (listaDefsVariables)

    listaDefsVariables  ir al estado 176
    listaId             ir al estado 37
    listaIdBooleanos    ir al estado 38


Estado 121

   12 defFuncion: TK_FUNCION cabeceraFuncion bloque . TK_DEV expresion TK_FFUNCION

    TK_DEV  desplazar e ir al estado 177


Estado 122

   13 cabeceraAccion: TK_IDENTIFICADOR TK_PARENTESIS_APERTURA . defParForm TK_PARENTESIS_CIERRE TK_PUNTOYCOMA

    TK_ENT     desplazar e ir al estado 178
    TK_SAL     desplazar e ir al estado 179
    TK_ENTSAL  desplazar e ir al estado 180

    $default  reduce usando la regla 17 (defParForm)

    defParForm  ir al estado 181
    dParForm    ir al estado 182


Estado 123

   11 defAccion: TK_ACCION cabeceraAccion bloque . TK_FACCION

    TK_FACCION  desplazar e ir al estado 183


Estado 124

   45 defEntrada: TK_ENT listaDefsVariables .

    $default  reduce usando la regla 45 (defEntrada)


Estado 125

   46 defSalida: TK_SAL listaDefsVariables .

    $default  reduce usando la regla 46 (defSalida)


Estado 126

   86 cabeceraAlgoritmo: defGlobales defAccionesFunciones defVariablesInteraccion TK_COMENTARIO .

    $default  reduce usando la regla 86 (cabeceraAlgoritmo)


Estado 127

   43 defVariablesInteraccion: defEntrada defSalida .

    $default  reduce usando la regla 43 (defVariablesInteraccion)


Estado 128

   26 listaCampos: TK_IDENTIFICADOR . TK_DOSPUNTOS defTipo TK_PUNTOYCOMA listaCampos

    TK_DOSPUNTOS  desplazar e ir al estado 184


Estado 129

  104 defTipo: TK_TUPLA listaCampos . TK_FTUPLA

    TK_FTUPLA  desplazar e ir al estado 185


Estado 130

  105 defTipo: TK_TABLA TK_CORCHETE_APERTURA . expresionT TK_PUNTO_Y_PUNTO expresionT TK_CORCHETE_CIERRE TK_DE defTipo

    TK_LITERALENTERO    desplazar e ir al estado 76
    TK_LITERALCARACTER  desplazar e ir al estado 77

    expresionT  ir al estado 186


Estado 131

  108 defTipo: TK_REF defTipo .

    $default  reduce usando la regla 108 (defTipo)


Estado 132

  102 listaDefsTipo: TK_IDENTIFICADOR TK_IGUAL defTipo TK_PUNTOYCOMA . listaDefsTipo

    TK_IDENTIFICADOR  desplazar e ir al estado 12

    $default  reduce usando la regla 103 (listaDefsTipo)

    listaDefsTipo  ir al estado 187


Estado 133

  107 defTipo: expresionT TK_PUNTO_Y_PUNTO . expresionT

    TK_LITERALENTERO    desplazar e ir al estado 76
    TK_LITERALCARACTER  desplazar e ir al estado 77

    expresionT  ir al estado 188


Estado 134

   33 listaDefsConstantes: TK_IDENTIFICADOR TK_IGUAL TK_LITERAL_NUMERICO TK_PUNTOYCOMA . listaDefsConstantes

    TK_IDENTIFICADOR  desplazar e ir al estado 14

    $default  reduce usando la regla 34 (listaDefsConstantes)

    listaDefsConstantes  ir al estado 189


Estado 135

   30 listaDefsConstantes: TK_IDENTIFICADOR TK_IGUAL TK_VERDADERO TK_PUNTOYCOMA . listaDefsConstantes

    TK_IDENTIFICADOR  desplazar e ir al estado 14

    $default  reduce usando la regla 34 (listaDefsConstantes)

    listaDefsConstantes  ir al estado 190


Estado 136

   31 listaDefsConstantes: TK_IDENTIFICADOR TK_IGUAL TK_FALSO TK_PUNTOYCOMA . listaDefsConstantes

    TK_IDENTIFICADOR  desplazar e ir al estado 14

    $default  reduce usando la regla 34 (listaDefsConstantes)

    listaDefsConstantes  ir al estado 191


Estado 137

   28 listaDefsConstantes: TK_IDENTIFICADOR TK_IGUAL TK_LITERALENTERO TK_PUNTOYCOMA . listaDefsConstantes

    TK_IDENTIFICADOR  desplazar e ir al estado 14

    $default  reduce usando la regla 34 (listaDefsConstantes)

    listaDefsConstantes  ir al estado 192


Estado 138

   29 listaDefsConstantes: TK_IDENTIFICADOR TK_IGUAL TK_LITERALCARACTER TK_PUNTOYCOMA . listaDefsConstantes

    TK_IDENTIFICADOR  desplazar e ir al estado 14

    $default  reduce usando la regla 34 (listaDefsConstantes)

    listaDefsConstantes  ir al estado 193


Estado 139

   32 listaDefsConstantes: TK_IDENTIFICADOR TK_IGUAL TK_LITERAL_CADENA TK_PUNTOYCOMA . listaDefsConstantes

    TK_IDENTIFICADOR  desplazar e ir al estado 14

    $default  reduce usando la regla 34 (listaDefsConstantes)

    listaDefsConstantes  ir al estado 194


Estado 140

   41 listaIdBooleanos: TK_IDENTIFICADOR_BOOLEANO TK_COMA listaIdBooleanos .

    $default  reduce usando la regla 41 (listaIdBooleanos)


Estado 141

   40 listaIdBooleanos: TK_IDENTIFICADOR_BOOLEANO TK_DOSPUNTOS defTipo .

    $default  reduce usando la regla 40 (listaIdBooleanos)


Estado 142

   39 listaId: TK_IDENTIFICADOR TK_COMA listaId .

    $default  reduce usando la regla 39 (listaId)


Estado 143

   38 listaId: TK_IDENTIFICADOR TK_DOSPUNTOS defTipo .

    $default  reduce usando la regla 38 (listaId)


Estado 144

   35 listaDefsVariables: listaId TK_PUNTOYCOMA listaDefsVariables .

    $default  reduce usando la regla 35 (listaDefsVariables)


Estado 145

   36 listaDefsVariables: listaIdBooleanos TK_PUNTOYCOMA listaDefsVariables .

    $default  reduce usando la regla 36 (listaDefsVariables)


Estado 146

   21 llamadaAccion: TK_IDENTIFICADOR TK_PARENTESIS_APERTURA parametrosReales . TK_PARENTESIS_CIERRE

    TK_PARENTESIS_CIERRE  desplazar e ir al estado 195


Estado 147

   23 parametrosReales: expresion . TK_COMA parametrosReales
   24                 | expresion .
   53 expBool: expresion . TK_OPREL expresion

    TK_COMA   desplazar e ir al estado 196
    TK_OPREL  desplazar e ir al estado 161

    $default  reduce usando la regla 24 (parametrosReales)


Estado 148

   10 itCotaFija: TK_PARA TK_IDENTIFICADOR TK_DOSPUNTOS_IGUAL . expresion TK_HASTA expresion TK_HACER instrucciones TK_FPARA

    TK_IDENTIFICADOR_BOOLEANO  desplazar e ir al estado 42
    TK_IDENTIFICADOR           desplazar e ir al estado 95
    TK_PARENTESIS_APERTURA     desplazar e ir al estado 96
    TK_SUMA                    desplazar e ir al estado 97
    TK_RESTA                   desplazar e ir al estado 98
    TK_LITERAL_NUMERICO        desplazar e ir al estado 99
    TK_NO                      desplazar e ir al estado 100
    TK_VERDADERO               desplazar e ir al estado 101
    TK_FALSO                   desplazar e ir al estado 102
    TK_LITERALENTERO           desplazar e ir al estado 103

    llamadaFuncion      ir al estado 104
    expBool             ir al estado 105
    expresion           ir al estado 197
    expArit             ir al estado 107
    operandoBooleano    ir al estado 108
    operandoAritmetico  ir al estado 109


Estado 149

   22 llamadaFuncion: TK_IDENTIFICADOR TK_DOSPUNTOS_IGUAL . TK_PARENTESIS_APERTURA parametrosReales TK_PARENTESIS_CIERRE

    TK_PARENTESIS_APERTURA  desplazar e ir al estado 198


Estado 150

   47 expBool: expBool . TK_Y M expBool
   48        | expBool . TK_O expBool
   54        | TK_PARENTESIS_APERTURA expBool . TK_PARENTESIS_CIERRE
   57 expresion: expBool .

    TK_PARENTESIS_CIERRE  desplazar e ir al estado 199
    TK_Y                  desplazar e ir al estado 158
    TK_O                  desplazar e ir al estado 159

    $default  reduce usando la regla 57 (expresion)


Estado 151

   53 expBool: expresion . TK_OPREL expresion

    TK_OPREL  desplazar e ir al estado 161


Estado 152

   56 expresion: expArit .
   59 expArit: expArit . TK_SUMA expArit
   60        | expArit . TK_RESTA expArit
   61        | expArit . TK_MULTIPLICACION expArit
   62        | expArit . TK_DIVISION expArit
   63        | expArit . TK_DIVISION_ENTERA expArit
   64        | expArit . TK_MODULO expArit
   65        | TK_PARENTESIS_APERTURA expArit . TK_PARENTESIS_CIERRE

    TK_PARENTESIS_CIERRE  desplazar e ir al estado 200
    TK_SUMA               desplazar e ir al estado 162
    TK_RESTA              desplazar e ir al estado 163
    TK_MULTIPLICACION     desplazar e ir al estado 164
    TK_DIVISION           desplazar e ir al estado 165
    TK_DIVISION_ENTERA    desplazar e ir al estado 166
    TK_MODULO             desplazar e ir al estado 167

    $default  reduce usando la regla 56 (expresion)


Estado 153

   75 operandoAritmetico: TK_IDENTIFICADOR .

    $default  reduce usando la regla 75 (operandoAritmetico)


Estado 154

   65 expArit: TK_PARENTESIS_APERTURA . expArit TK_PARENTESIS_CIERRE

    TK_IDENTIFICADOR        desplazar e ir al estado 153
    TK_PARENTESIS_APERTURA  desplazar e ir al estado 154
    TK_SUMA                 desplazar e ir al estado 97
    TK_RESTA                desplazar e ir al estado 98
    TK_LITERAL_NUMERICO     desplazar e ir al estado 99
    TK_LITERALENTERO        desplazar e ir al estado 103

    expArit             ir al estado 201
    operandoAritmetico  ir al estado 109


Estado 155

   59 expArit: expArit . TK_SUMA expArit
   60        | expArit . TK_RESTA expArit
   61        | expArit . TK_MULTIPLICACION expArit
   62        | expArit . TK_DIVISION expArit
   63        | expArit . TK_DIVISION_ENTERA expArit
   64        | expArit . TK_MODULO expArit
   68        | TK_SUMA expArit .

    TK_MULTIPLICACION   desplazar e ir al estado 164
    TK_DIVISION         desplazar e ir al estado 165
    TK_DIVISION_ENTERA  desplazar e ir al estado 166
    TK_MODULO           desplazar e ir al estado 167

    $default  reduce usando la regla 68 (expArit)


Estado 156

   59 expArit: expArit . TK_SUMA expArit
   60        | expArit . TK_RESTA expArit
   61        | expArit . TK_MULTIPLICACION expArit
   62        | expArit . TK_DIVISION expArit
   63        | expArit . TK_DIVISION_ENTERA expArit
   64        | expArit . TK_MODULO expArit
   67        | TK_RESTA expArit .

    TK_MULTIPLICACION   desplazar e ir al estado 164
    TK_DIVISION         desplazar e ir al estado 165
    TK_DIVISION_ENTERA  desplazar e ir al estado 166
    TK_MODULO           desplazar e ir al estado 167

    $default  reduce usando la regla 67 (expArit)


Estado 157

   47 expBool: expBool . TK_Y M expBool
   48        | expBool . TK_O expBool
   49        | TK_NO expBool .
   57 expresion: expBool .

    TK_Y  desplazar e ir al estado 158
    TK_O  desplazar e ir al estado 159

    TK_OPREL  reduce usando la regla 49 (expBool)
    TK_OPREL  [reduce usando la regla 57 (expresion)]
    $default  reduce usando la regla 49 (expBool)


Estado 158

   47 expBool: expBool TK_Y . M expBool

    $default  reduce usando la regla 55 (M)

    M  ir al estado 202


Estado 159

   48 expBool: expBool TK_O . expBool

    TK_IDENTIFICADOR_BOOLEANO  desplazar e ir al estado 42
    TK_IDENTIFICADOR           desplazar e ir al estado 95
    TK_PARENTESIS_APERTURA     desplazar e ir al estado 96
    TK_SUMA                    desplazar e ir al estado 97
    TK_RESTA                   desplazar e ir al estado 98
    TK_LITERAL_NUMERICO        desplazar e ir al estado 99
    TK_NO                      desplazar e ir al estado 100
    TK_VERDADERO               desplazar e ir al estado 101
    TK_FALSO                   desplazar e ir al estado 102
    TK_LITERALENTERO           desplazar e ir al estado 103

    llamadaFuncion      ir al estado 104
    expBool             ir al estado 203
    expresion           ir al estado 151
    expArit             ir al estado 107
    operandoBooleano    ir al estado 108
    operandoAritmetico  ir al estado 109


Estado 160

    9 itCotaVariable: TK_MIENTRAS expresion TK_HACER . instrucciones TK_FMIENTRAS

    TK_CONTINUAR               desplazar e ir al estado 41
    TK_IDENTIFICADOR_BOOLEANO  desplazar e ir al estado 42
    TK_IDENTIFICADOR           desplazar e ir al estado 43
    TK_PARA                    desplazar e ir al estado 44
    TK_MIENTRAS                desplazar e ir al estado 45
    TK_SI                      desplazar e ir al estado 46

    asignacion          ir al estado 47
    alternativa         ir al estado 48
    iteracion           ir al estado 49
    itCotaVariable      ir al estado 50
    itCotaFija          ir al estado 51
    llamadaAccion       ir al estado 52
    operandoBooleano    ir al estado 53
    operandoAritmetico  ir al estado 54
    instrucciones       ir al estado 204
    instruccion         ir al estado 56


Estado 161

   53 expBool: expresion TK_OPREL . expresion

    TK_IDENTIFICADOR_BOOLEANO  desplazar e ir al estado 42
    TK_IDENTIFICADOR           desplazar e ir al estado 95
    TK_PARENTESIS_APERTURA     desplazar e ir al estado 96
    TK_SUMA                    desplazar e ir al estado 97
    TK_RESTA                   desplazar e ir al estado 98
    TK_LITERAL_NUMERICO        desplazar e ir al estado 99
    TK_NO                      desplazar e ir al estado 100
    TK_VERDADERO               desplazar e ir al estado 101
    TK_FALSO                   desplazar e ir al estado 102
    TK_LITERALENTERO           desplazar e ir al estado 103

    llamadaFuncion      ir al estado 104
    expBool             ir al estado 105
    expresion           ir al estado 205
    expArit             ir al estado 107
    operandoBooleano    ir al estado 108
    operandoAritmetico  ir al estado 109


Estado 162

   59 expArit: expArit TK_SUMA . expArit

    TK_IDENTIFICADOR        desplazar e ir al estado 153
    TK_PARENTESIS_APERTURA  desplazar e ir al estado 154
    TK_SUMA                 desplazar e ir al estado 97
    TK_RESTA                desplazar e ir al estado 98
    TK_LITERAL_NUMERICO     desplazar e ir al estado 99
    TK_LITERALENTERO        desplazar e ir al estado 103

    expArit             ir al estado 206
    operandoAritmetico  ir al estado 109


Estado 163

   60 expArit: expArit TK_RESTA . expArit

    TK_IDENTIFICADOR        desplazar e ir al estado 153
    TK_PARENTESIS_APERTURA  desplazar e ir al estado 154
    TK_SUMA                 desplazar e ir al estado 97
    TK_RESTA                desplazar e ir al estado 98
    TK_LITERAL_NUMERICO     desplazar e ir al estado 99
    TK_LITERALENTERO        desplazar e ir al estado 103

    expArit             ir al estado 207
    operandoAritmetico  ir al estado 109


Estado 164

   61 expArit: expArit TK_MULTIPLICACION . expArit

    TK_IDENTIFICADOR        desplazar e ir al estado 153
    TK_PARENTESIS_APERTURA  desplazar e ir al estado 154
    TK_SUMA                 desplazar e ir al estado 97
    TK_RESTA                desplazar e ir al estado 98
    TK_LITERAL_NUMERICO     desplazar e ir al estado 99
    TK_LITERALENTERO        desplazar e ir al estado 103

    expArit             ir al estado 208
    operandoAritmetico  ir al estado 109


Estado 165

   62 expArit: expArit TK_DIVISION . expArit

    TK_IDENTIFICADOR        desplazar e ir al estado 153
    TK_PARENTESIS_APERTURA  desplazar e ir al estado 154
    TK_SUMA                 desplazar e ir al estado 97
    TK_RESTA                desplazar e ir al estado 98
    TK_LITERAL_NUMERICO     desplazar e ir al estado 99
    TK_LITERALENTERO        desplazar e ir al estado 103

    expArit             ir al estado 209
    operandoAritmetico  ir al estado 109


Estado 166

   63 expArit: expArit TK_DIVISION_ENTERA . expArit

    TK_IDENTIFICADOR        desplazar e ir al estado 153
    TK_PARENTESIS_APERTURA  desplazar e ir al estado 154
    TK_SUMA                 desplazar e ir al estado 97
    TK_RESTA                desplazar e ir al estado 98
    TK_LITERAL_NUMERICO     desplazar e ir al estado 99
    TK_LITERALENTERO        desplazar e ir al estado 103

    expArit             ir al estado 210
    operandoAritmetico  ir al estado 109


Estado 167

   64 expArit: expArit TK_MODULO . expArit

    TK_IDENTIFICADOR        desplazar e ir al estado 153
    TK_PARENTESIS_APERTURA  desplazar e ir al estado 154
    TK_SUMA                 desplazar e ir al estado 97
    TK_RESTA                desplazar e ir al estado 98
    TK_LITERAL_NUMERICO     desplazar e ir al estado 99
    TK_LITERALENTERO        desplazar e ir al estado 103

    expArit             ir al estado 211
    operandoAritmetico  ir al estado 109


Estado 168

    4 alternativa: TK_SI expresion TK_FLECHA . instrucciones listaOpciones TK_FSI

    TK_CONTINUAR               desplazar e ir al estado 41
    TK_IDENTIFICADOR_BOOLEANO  desplazar e ir al estado 42
    TK_IDENTIFICADOR           desplazar e ir al estado 43
    TK_PARA                    desplazar e ir al estado 44
    TK_MIENTRAS                desplazar e ir al estado 45
    TK_SI                      desplazar e ir al estado 46

    asignacion          ir al estado 47
    alternativa         ir al estado 48
    iteracion           ir al estado 49
    itCotaVariable      ir al estado 50
    itCotaFija          ir al estado 51
    llamadaAccion       ir al estado 52
    operandoBooleano    ir al estado 53
    operandoAritmetico  ir al estado 54
    instrucciones       ir al estado 212
    instruccion         ir al estado 56


Estado 169

    2 asignacion: operandoBooleano TK_DOSPUNTOS_IGUAL expresion .
   53 expBool: expresion . TK_OPREL expresion

    TK_OPREL  desplazar e ir al estado 161

    $default  reduce usando la regla 2 (asignacion)


Estado 170

   53 expBool: expresion . TK_OPREL expresion
   73 operandoBooleano: operandoBooleano TK_CORCHETE_APERTURA expresion . TK_CORCHETE_CIERRE

    TK_OPREL            desplazar e ir al estado 161
    TK_CORCHETE_CIERRE  desplazar e ir al estado 213


Estado 171

   72 operandoBooleano: operandoBooleano . TK_PUNTO operandoBooleano
   72                 | operandoBooleano TK_PUNTO operandoBooleano .
   73                 | operandoBooleano . TK_CORCHETE_APERTURA expresion TK_CORCHETE_CIERRE
   74                 | operandoBooleano . TK_REF

    TK_CORCHETE_APERTURA  desplazar e ir al estado 112
    TK_PUNTO              desplazar e ir al estado 113
    TK_REF                desplazar e ir al estado 114

    TK_CORCHETE_APERTURA  [reduce usando la regla 72 (operandoBooleano)]
    TK_PUNTO              [reduce usando la regla 72 (operandoBooleano)]
    TK_REF                [reduce usando la regla 72 (operandoBooleano)]
    $default              reduce usando la regla 72 (operandoBooleano)


Estado 172

    3 asignacion: operandoAritmetico TK_DOSPUNTOS_IGUAL expresion .
   53 expBool: expresion . TK_OPREL expresion

    TK_OPREL  desplazar e ir al estado 161

    $default  reduce usando la regla 3 (asignacion)


Estado 173

   53 expBool: expresion . TK_OPREL expresion
   77 operandoAritmetico: operandoAritmetico TK_CORCHETE_APERTURA expresion . TK_CORCHETE_CIERRE

    TK_OPREL            desplazar e ir al estado 161
    TK_CORCHETE_CIERRE  desplazar e ir al estado 214


Estado 174

   76 operandoAritmetico: operandoAritmetico . TK_PUNTO operandoAritmetico
   76                   | operandoAritmetico TK_PUNTO operandoAritmetico .
   77                   | operandoAritmetico . TK_CORCHETE_APERTURA expresion TK_CORCHETE_CIERRE
   78                   | operandoAritmetico . TK_REF

    TK_CORCHETE_APERTURA  desplazar e ir al estado 116
    TK_PUNTO              desplazar e ir al estado 117
    TK_REF                desplazar e ir al estado 118

    TK_CORCHETE_APERTURA  [reduce usando la regla 76 (operandoAritmetico)]
    TK_PUNTO              [reduce usando la regla 76 (operandoAritmetico)]
    TK_REF                [reduce usando la regla 76 (operandoAritmetico)]
    $default              reduce usando la regla 76 (operandoAritmetico)


Estado 175

   79 instrucciones: instruccion TK_PUNTOYCOMA instrucciones .

    $default  reduce usando la regla 79 (instrucciones)


Estado 176

   14 cabeceraFuncion: TK_IDENTIFICADOR TK_PARENTESIS_APERTURA listaDefsVariables . TK_PARENTESIS_CIERRE TK_DEV defTipo TK_PUNTOYCOMA

    TK_PARENTESIS_CIERRE  desplazar e ir al estado 215


Estado 177

   12 defFuncion: TK_FUNCION cabeceraFuncion bloque TK_DEV . expresion TK_FFUNCION

    TK_IDENTIFICADOR_BOOLEANO  desplazar e ir al estado 42
    TK_IDENTIFICADOR           desplazar e ir al estado 95
    TK_PARENTESIS_APERTURA     desplazar e ir al estado 96
    TK_SUMA                    desplazar e ir al estado 97
    TK_RESTA                   desplazar e ir al estado 98
    TK_LITERAL_NUMERICO        desplazar e ir al estado 99
    TK_NO                      desplazar e ir al estado 100
    TK_VERDADERO               desplazar e ir al estado 101
    TK_FALSO                   desplazar e ir al estado 102
    TK_LITERALENTERO           desplazar e ir al estado 103

    llamadaFuncion      ir al estado 104
    expBool             ir al estado 105
    expresion           ir al estado 216
    expArit             ir al estado 107
    operandoBooleano    ir al estado 108
    operandoAritmetico  ir al estado 109


Estado 178

   18 dParForm: TK_ENT . listaId TK_DOSPUNTOS defTipo

    TK_IDENTIFICADOR  desplazar e ir al estado 35

    listaId  ir al estado 217


Estado 179

   19 dParForm: TK_SAL . listaId TK_DOSPUNTOS defTipo

    TK_IDENTIFICADOR  desplazar e ir al estado 35

    listaId  ir al estado 218


Estado 180

   20 dParForm: TK_ENTSAL . listaId TK_DOSPUNTOS defTipo

    TK_IDENTIFICADOR  desplazar e ir al estado 35

    listaId  ir al estado 219


Estado 181

   13 cabeceraAccion: TK_IDENTIFICADOR TK_PARENTESIS_APERTURA defParForm . TK_PARENTESIS_CIERRE TK_PUNTOYCOMA

    TK_PARENTESIS_CIERRE  desplazar e ir al estado 220


Estado 182

   15 defParForm: dParForm . TK_PUNTOYCOMA defParForm
   16           | dParForm .

    TK_PUNTOYCOMA  desplazar e ir al estado 221

    $default  reduce usando la regla 16 (defParForm)


Estado 183

   11 defAccion: TK_ACCION cabeceraAccion bloque TK_FACCION .

    $default  reduce usando la regla 11 (defAccion)


Estado 184

   26 listaCampos: TK_IDENTIFICADOR TK_DOSPUNTOS . defTipo TK_PUNTOYCOMA listaCampos

    TK_IDENTIFICADOR    desplazar e ir al estado 71
    TK_TUPLA            desplazar e ir al estado 72
    TK_TABLA            desplazar e ir al estado 73
    TK_REF              desplazar e ir al estado 74
    TK_TIPOBASE         desplazar e ir al estado 75
    TK_LITERALENTERO    desplazar e ir al estado 76
    TK_LITERALCARACTER  desplazar e ir al estado 77

    defTipo     ir al estado 222
    expresionT  ir al estado 79


Estado 185

  104 defTipo: TK_TUPLA listaCampos TK_FTUPLA .

    $default  reduce usando la regla 104 (defTipo)


Estado 186

  105 defTipo: TK_TABLA TK_CORCHETE_APERTURA expresionT . TK_PUNTO_Y_PUNTO expresionT TK_CORCHETE_CIERRE TK_DE defTipo

    TK_PUNTO_Y_PUNTO  desplazar e ir al estado 223


Estado 187

  102 listaDefsTipo: TK_IDENTIFICADOR TK_IGUAL defTipo TK_PUNTOYCOMA listaDefsTipo .

    $default  reduce usando la regla 102 (listaDefsTipo)


Estado 188

  107 defTipo: expresionT TK_PUNTO_Y_PUNTO expresionT .

    $default  reduce usando la regla 107 (defTipo)


Estado 189

   33 listaDefsConstantes: TK_IDENTIFICADOR TK_IGUAL TK_LITERAL_NUMERICO TK_PUNTOYCOMA listaDefsConstantes .

    $default  reduce usando la regla 33 (listaDefsConstantes)


Estado 190

   30 listaDefsConstantes: TK_IDENTIFICADOR TK_IGUAL TK_VERDADERO TK_PUNTOYCOMA listaDefsConstantes .

    $default  reduce usando la regla 30 (listaDefsConstantes)


Estado 191

   31 listaDefsConstantes: TK_IDENTIFICADOR TK_IGUAL TK_FALSO TK_PUNTOYCOMA listaDefsConstantes .

    $default  reduce usando la regla 31 (listaDefsConstantes)


Estado 192

   28 listaDefsConstantes: TK_IDENTIFICADOR TK_IGUAL TK_LITERALENTERO TK_PUNTOYCOMA listaDefsConstantes .

    $default  reduce usando la regla 28 (listaDefsConstantes)


Estado 193

   29 listaDefsConstantes: TK_IDENTIFICADOR TK_IGUAL TK_LITERALCARACTER TK_PUNTOYCOMA listaDefsConstantes .

    $default  reduce usando la regla 29 (listaDefsConstantes)


Estado 194

   32 listaDefsConstantes: TK_IDENTIFICADOR TK_IGUAL TK_LITERAL_CADENA TK_PUNTOYCOMA listaDefsConstantes .

    $default  reduce usando la regla 32 (listaDefsConstantes)


Estado 195

   21 llamadaAccion: TK_IDENTIFICADOR TK_PARENTESIS_APERTURA parametrosReales TK_PARENTESIS_CIERRE .

    $default  reduce usando la regla 21 (llamadaAccion)


Estado 196

   23 parametrosReales: expresion TK_COMA . parametrosReales

    TK_IDENTIFICADOR_BOOLEANO  desplazar e ir al estado 42
    TK_IDENTIFICADOR           desplazar e ir al estado 95
    TK_PARENTESIS_APERTURA     desplazar e ir al estado 96
    TK_SUMA                    desplazar e ir al estado 97
    TK_RESTA                   desplazar e ir al estado 98
    TK_LITERAL_NUMERICO        desplazar e ir al estado 99
    TK_NO                      desplazar e ir al estado 100
    TK_VERDADERO               desplazar e ir al estado 101
    TK_FALSO                   desplazar e ir al estado 102
    TK_LITERALENTERO           desplazar e ir al estado 103

    $default  reduce usando la regla 25 (parametrosReales)

    llamadaFuncion      ir al estado 104
    parametrosReales    ir al estado 224
    expBool             ir al estado 105
    expresion           ir al estado 147
    expArit             ir al estado 107
    operandoBooleano    ir al estado 108
    operandoAritmetico  ir al estado 109


Estado 197

   10 itCotaFija: TK_PARA TK_IDENTIFICADOR TK_DOSPUNTOS_IGUAL expresion . TK_HASTA expresion TK_HACER instrucciones TK_FPARA
   53 expBool: expresion . TK_OPREL expresion

    TK_HASTA  desplazar e ir al estado 225
    TK_OPREL  desplazar e ir al estado 161


Estado 198

   22 llamadaFuncion: TK_IDENTIFICADOR TK_DOSPUNTOS_IGUAL TK_PARENTESIS_APERTURA . parametrosReales TK_PARENTESIS_CIERRE

    TK_IDENTIFICADOR_BOOLEANO  desplazar e ir al estado 42
    TK_IDENTIFICADOR           desplazar e ir al estado 95
    TK_PARENTESIS_APERTURA     desplazar e ir al estado 96
    TK_SUMA                    desplazar e ir al estado 97
    TK_RESTA                   desplazar e ir al estado 98
    TK_LITERAL_NUMERICO        desplazar e ir al estado 99
    TK_NO                      desplazar e ir al estado 100
    TK_VERDADERO               desplazar e ir al estado 101
    TK_FALSO                   desplazar e ir al estado 102
    TK_LITERALENTERO           desplazar e ir al estado 103

    $default  reduce usando la regla 25 (parametrosReales)

    llamadaFuncion      ir al estado 104
    parametrosReales    ir al estado 226
    expBool             ir al estado 105
    expresion           ir al estado 147
    expArit             ir al estado 107
    operandoBooleano    ir al estado 108
    operandoAritmetico  ir al estado 109


Estado 199

   54 expBool: TK_PARENTESIS_APERTURA expBool TK_PARENTESIS_CIERRE .

    $default  reduce usando la regla 54 (expBool)


Estado 200

   65 expArit: TK_PARENTESIS_APERTURA expArit TK_PARENTESIS_CIERRE .

    $default  reduce usando la regla 65 (expArit)


Estado 201

   59 expArit: expArit . TK_SUMA expArit
   60        | expArit . TK_RESTA expArit
   61        | expArit . TK_MULTIPLICACION expArit
   62        | expArit . TK_DIVISION expArit
   63        | expArit . TK_DIVISION_ENTERA expArit
   64        | expArit . TK_MODULO expArit
   65        | TK_PARENTESIS_APERTURA expArit . TK_PARENTESIS_CIERRE

    TK_PARENTESIS_CIERRE  desplazar e ir al estado 200
    TK_SUMA               desplazar e ir al estado 162
    TK_RESTA              desplazar e ir al estado 163
    TK_MULTIPLICACION     desplazar e ir al estado 164
    TK_DIVISION           desplazar e ir al estado 165
    TK_DIVISION_ENTERA    desplazar e ir al estado 166
    TK_MODULO             desplazar e ir al estado 167


Estado 202

   47 expBool: expBool TK_Y M . expBool

    TK_IDENTIFICADOR_BOOLEANO  desplazar e ir al estado 42
    TK_IDENTIFICADOR           desplazar e ir al estado 95
    TK_PARENTESIS_APERTURA     desplazar e ir al estado 96
    TK_SUMA                    desplazar e ir al estado 97
    TK_RESTA                   desplazar e ir al estado 98
    TK_LITERAL_NUMERICO        desplazar e ir al estado 99
    TK_NO                      desplazar e ir al estado 100
    TK_VERDADERO               desplazar e ir al estado 101
    TK_FALSO                   desplazar e ir al estado 102
    TK_LITERALENTERO           desplazar e ir al estado 103

    llamadaFuncion      ir al estado 104
    expBool             ir al estado 227
    expresion           ir al estado 151
    expArit             ir al estado 107
    operandoBooleano    ir al estado 108
    operandoAritmetico  ir al estado 109


Estado 203

   47 expBool: expBool . TK_Y M expBool
   48        | expBool . TK_O expBool
   48        | expBool TK_O expBool .
   57 expresion: expBool .

    TK_OPREL  reduce usando la regla 48 (expBool)
    TK_OPREL  [reduce usando la regla 57 (expresion)]
    $default  reduce usando la regla 48 (expBool)


Estado 204

    9 itCotaVariable: TK_MIENTRAS expresion TK_HACER instrucciones . TK_FMIENTRAS

    TK_FMIENTRAS  desplazar e ir al estado 228


Estado 205

   53 expBool: expresion . TK_OPREL expresion
   53        | expresion TK_OPREL expresion .

    TK_OPREL  error (no asociativo)

    $default  reduce usando la regla 53 (expBool)


Estado 206

   59 expArit: expArit . TK_SUMA expArit
   59        | expArit TK_SUMA expArit .
   60        | expArit . TK_RESTA expArit
   61        | expArit . TK_MULTIPLICACION expArit
   62        | expArit . TK_DIVISION expArit
   63        | expArit . TK_DIVISION_ENTERA expArit
   64        | expArit . TK_MODULO expArit

    TK_MULTIPLICACION   desplazar e ir al estado 164
    TK_DIVISION         desplazar e ir al estado 165
    TK_DIVISION_ENTERA  desplazar e ir al estado 166
    TK_MODULO           desplazar e ir al estado 167

    $default  reduce usando la regla 59 (expArit)


Estado 207

   59 expArit: expArit . TK_SUMA expArit
   60        | expArit . TK_RESTA expArit
   60        | expArit TK_RESTA expArit .
   61        | expArit . TK_MULTIPLICACION expArit
   62        | expArit . TK_DIVISION expArit
   63        | expArit . TK_DIVISION_ENTERA expArit
   64        | expArit . TK_MODULO expArit

    TK_MULTIPLICACION   desplazar e ir al estado 164
    TK_DIVISION         desplazar e ir al estado 165
    TK_DIVISION_ENTERA  desplazar e ir al estado 166
    TK_MODULO           desplazar e ir al estado 167

    $default  reduce usando la regla 60 (expArit)


Estado 208

   59 expArit: expArit . TK_SUMA expArit
   60        | expArit . TK_RESTA expArit
   61        | expArit . TK_MULTIPLICACION expArit
   61        | expArit TK_MULTIPLICACION expArit .
   62        | expArit . TK_DIVISION expArit
   63        | expArit . TK_DIVISION_ENTERA expArit
   64        | expArit . TK_MODULO expArit

    $default  reduce usando la regla 61 (expArit)


Estado 209

   59 expArit: expArit . TK_SUMA expArit
   60        | expArit . TK_RESTA expArit
   61        | expArit . TK_MULTIPLICACION expArit
   62        | expArit . TK_DIVISION expArit
   62        | expArit TK_DIVISION expArit .
   63        | expArit . TK_DIVISION_ENTERA expArit
   64        | expArit . TK_MODULO expArit

    $default  reduce usando la regla 62 (expArit)


Estado 210

   59 expArit: expArit . TK_SUMA expArit
   60        | expArit . TK_RESTA expArit
   61        | expArit . TK_MULTIPLICACION expArit
   62        | expArit . TK_DIVISION expArit
   63        | expArit . TK_DIVISION_ENTERA expArit
   63        | expArit TK_DIVISION_ENTERA expArit .
   64        | expArit . TK_MODULO expArit

    $default  reduce usando la regla 63 (expArit)


Estado 211

   59 expArit: expArit . TK_SUMA expArit
   60        | expArit . TK_RESTA expArit
   61        | expArit . TK_MULTIPLICACION expArit
   62        | expArit . TK_DIVISION expArit
   63        | expArit . TK_DIVISION_ENTERA expArit
   64        | expArit . TK_MODULO expArit
   64        | expArit TK_MODULO expArit .

    $default  reduce usando la regla 64 (expArit)


Estado 212

    4 alternativa: TK_SI expresion TK_FLECHA instrucciones . listaOpciones TK_FSI

    TK_CORCHETES  desplazar e ir al estado 229

    $default  reduce usando la regla 6 (listaOpciones)

    listaOpciones  ir al estado 230


Estado 213

   73 operandoBooleano: operandoBooleano TK_CORCHETE_APERTURA expresion TK_CORCHETE_CIERRE .

    $default  reduce usando la regla 73 (operandoBooleano)


Estado 214

   77 operandoAritmetico: operandoAritmetico TK_CORCHETE_APERTURA expresion TK_CORCHETE_CIERRE .

    $default  reduce usando la regla 77 (operandoAritmetico)


Estado 215

   14 cabeceraFuncion: TK_IDENTIFICADOR TK_PARENTESIS_APERTURA listaDefsVariables TK_PARENTESIS_CIERRE . TK_DEV defTipo TK_PUNTOYCOMA

    TK_DEV  desplazar e ir al estado 231


Estado 216

   12 defFuncion: TK_FUNCION cabeceraFuncion bloque TK_DEV expresion . TK_FFUNCION
   53 expBool: expresion . TK_OPREL expresion

    TK_FFUNCION  desplazar e ir al estado 232
    TK_OPREL     desplazar e ir al estado 161


Estado 217

   18 dParForm: TK_ENT listaId . TK_DOSPUNTOS defTipo

    TK_DOSPUNTOS  desplazar e ir al estado 233


Estado 218

   19 dParForm: TK_SAL listaId . TK_DOSPUNTOS defTipo

    TK_DOSPUNTOS  desplazar e ir al estado 234


Estado 219

   20 dParForm: TK_ENTSAL listaId . TK_DOSPUNTOS defTipo

    TK_DOSPUNTOS  desplazar e ir al estado 235


Estado 220

   13 cabeceraAccion: TK_IDENTIFICADOR TK_PARENTESIS_APERTURA defParForm TK_PARENTESIS_CIERRE . TK_PUNTOYCOMA

    TK_PUNTOYCOMA  desplazar e ir al estado 236


Estado 221

   15 defParForm: dParForm TK_PUNTOYCOMA . defParForm

    TK_ENT     desplazar e ir al estado 178
    TK_SAL     desplazar e ir al estado 179
    TK_ENTSAL  desplazar e ir al estado 180

    $default  reduce usando la regla 17 (defParForm)

    defParForm  ir al estado 237
    dParForm    ir al estado 182


Estado 222

   26 listaCampos: TK_IDENTIFICADOR TK_DOSPUNTOS defTipo . TK_PUNTOYCOMA listaCampos

    TK_PUNTOYCOMA  desplazar e ir al estado 238


Estado 223

  105 defTipo: TK_TABLA TK_CORCHETE_APERTURA expresionT TK_PUNTO_Y_PUNTO . expresionT TK_CORCHETE_CIERRE TK_DE defTipo

    TK_LITERALENTERO    desplazar e ir al estado 76
    TK_LITERALCARACTER  desplazar e ir al estado 77

    expresionT  ir al estado 239


Estado 224

   23 parametrosReales: expresion TK_COMA parametrosReales .

    $default  reduce usando la regla 23 (parametrosReales)


Estado 225

   10 itCotaFija: TK_PARA TK_IDENTIFICADOR TK_DOSPUNTOS_IGUAL expresion TK_HASTA . expresion TK_HACER instrucciones TK_FPARA

    TK_IDENTIFICADOR_BOOLEANO  desplazar e ir al estado 42
    TK_IDENTIFICADOR           desplazar e ir al estado 95
    TK_PARENTESIS_APERTURA     desplazar e ir al estado 96
    TK_SUMA                    desplazar e ir al estado 97
    TK_RESTA                   desplazar e ir al estado 98
    TK_LITERAL_NUMERICO        desplazar e ir al estado 99
    TK_NO                      desplazar e ir al estado 100
    TK_VERDADERO               desplazar e ir al estado 101
    TK_FALSO                   desplazar e ir al estado 102
    TK_LITERALENTERO           desplazar e ir al estado 103

    llamadaFuncion      ir al estado 104
    expBool             ir al estado 105
    expresion           ir al estado 240
    expArit             ir al estado 107
    operandoBooleano    ir al estado 108
    operandoAritmetico  ir al estado 109


Estado 226

   22 llamadaFuncion: TK_IDENTIFICADOR TK_DOSPUNTOS_IGUAL TK_PARENTESIS_APERTURA parametrosReales . TK_PARENTESIS_CIERRE

    TK_PARENTESIS_CIERRE  desplazar e ir al estado 241


Estado 227

   47 expBool: expBool . TK_Y M expBool
   47        | expBool TK_Y M expBool .
   48        | expBool . TK_O expBool
   57 expresion: expBool .

    TK_OPREL  reduce usando la regla 47 (expBool)
    TK_OPREL  [reduce usando la regla 57 (expresion)]
    $default  reduce usando la regla 47 (expBool)


Estado 228

    9 itCotaVariable: TK_MIENTRAS expresion TK_HACER instrucciones TK_FMIENTRAS .

    $default  reduce usando la regla 9 (itCotaVariable)


Estado 229

    5 listaOpciones: TK_CORCHETES . expresion TK_FLECHA instrucciones listaOpciones

    TK_IDENTIFICADOR_BOOLEANO  desplazar e ir al estado 42
    TK_IDENTIFICADOR           desplazar e ir al estado 95
    TK_PARENTESIS_APERTURA     desplazar e ir al estado 96
    TK_SUMA                    desplazar e ir al estado 97
    TK_RESTA                   desplazar e ir al estado 98
    TK_LITERAL_NUMERICO        desplazar e ir al estado 99
    TK_NO                      desplazar e ir al estado 100
    TK_VERDADERO               desplazar e ir al estado 101
    TK_FALSO                   desplazar e ir al estado 102
    TK_LITERALENTERO           desplazar e ir al estado 103

    llamadaFuncion      ir al estado 104
    expBool             ir al estado 105
    expresion           ir al estado 242
    expArit             ir al estado 107
    operandoBooleano    ir al estado 108
    operandoAritmetico  ir al estado 109


Estado 230

    4 alternativa: TK_SI expresion TK_FLECHA instrucciones listaOpciones . TK_FSI

    TK_FSI  desplazar e ir al estado 243


Estado 231

   14 cabeceraFuncion: TK_IDENTIFICADOR TK_PARENTESIS_APERTURA listaDefsVariables TK_PARENTESIS_CIERRE TK_DEV . defTipo TK_PUNTOYCOMA

    TK_IDENTIFICADOR    desplazar e ir al estado 71
    TK_TUPLA            desplazar e ir al estado 72
    TK_TABLA            desplazar e ir al estado 73
    TK_REF              desplazar e ir al estado 74
    TK_TIPOBASE         desplazar e ir al estado 75
    TK_LITERALENTERO    desplazar e ir al estado 76
    TK_LITERALCARACTER  desplazar e ir al estado 77

    defTipo     ir al estado 244
    expresionT  ir al estado 79


Estado 232

   12 defFuncion: TK_FUNCION cabeceraFuncion bloque TK_DEV expresion TK_FFUNCION .

    $default  reduce usando la regla 12 (defFuncion)


Estado 233

   18 dParForm: TK_ENT listaId TK_DOSPUNTOS . defTipo

    TK_IDENTIFICADOR    desplazar e ir al estado 71
    TK_TUPLA            desplazar e ir al estado 72
    TK_TABLA            desplazar e ir al estado 73
    TK_REF              desplazar e ir al estado 74
    TK_TIPOBASE         desplazar e ir al estado 75
    TK_LITERALENTERO    desplazar e ir al estado 76
    TK_LITERALCARACTER  desplazar e ir al estado 77

    defTipo     ir al estado 245
    expresionT  ir al estado 79


Estado 234

   19 dParForm: TK_SAL listaId TK_DOSPUNTOS . defTipo

    TK_IDENTIFICADOR    desplazar e ir al estado 71
    TK_TUPLA            desplazar e ir al estado 72
    TK_TABLA            desplazar e ir al estado 73
    TK_REF              desplazar e ir al estado 74
    TK_TIPOBASE         desplazar e ir al estado 75
    TK_LITERALENTERO    desplazar e ir al estado 76
    TK_LITERALCARACTER  desplazar e ir al estado 77

    defTipo     ir al estado 246
    expresionT  ir al estado 79


Estado 235

   20 dParForm: TK_ENTSAL listaId TK_DOSPUNTOS . defTipo

    TK_IDENTIFICADOR    desplazar e ir al estado 71
    TK_TUPLA            desplazar e ir al estado 72
    TK_TABLA            desplazar e ir al estado 73
    TK_REF              desplazar e ir al estado 74
    TK_TIPOBASE         desplazar e ir al estado 75
    TK_LITERALENTERO    desplazar e ir al estado 76
    TK_LITERALCARACTER  desplazar e ir al estado 77

    defTipo     ir al estado 247
    expresionT  ir al estado 79


Estado 236

   13 cabeceraAccion: TK_IDENTIFICADOR TK_PARENTESIS_APERTURA defParForm TK_PARENTESIS_CIERRE TK_PUNTOYCOMA .

    $default  reduce usando la regla 13 (cabeceraAccion)


Estado 237

   15 defParForm: dParForm TK_PUNTOYCOMA defParForm .

    $default  reduce usando la regla 15 (defParForm)


Estado 238

   26 listaCampos: TK_IDENTIFICADOR TK_DOSPUNTOS defTipo TK_PUNTOYCOMA . listaCampos

    TK_IDENTIFICADOR  desplazar e ir al estado 128

    $default  reduce usando la regla 27 (listaCampos)

    listaCampos  ir al estado 248


Estado 239

  105 defTipo: TK_TABLA TK_CORCHETE_APERTURA expresionT TK_PUNTO_Y_PUNTO expresionT . TK_CORCHETE_CIERRE TK_DE defTipo

    TK_CORCHETE_CIERRE  desplazar e ir al estado 249


Estado 240

   10 itCotaFija: TK_PARA TK_IDENTIFICADOR TK_DOSPUNTOS_IGUAL expresion TK_HASTA expresion . TK_HACER instrucciones TK_FPARA
   53 expBool: expresion . TK_OPREL expresion

    TK_HACER  desplazar e ir al estado 250
    TK_OPREL  desplazar e ir al estado 161


Estado 241

   22 llamadaFuncion: TK_IDENTIFICADOR TK_DOSPUNTOS_IGUAL TK_PARENTESIS_APERTURA parametrosReales TK_PARENTESIS_CIERRE .

    $default  reduce usando la regla 22 (llamadaFuncion)


Estado 242

    5 listaOpciones: TK_CORCHETES expresion . TK_FLECHA instrucciones listaOpciones
   53 expBool: expresion . TK_OPREL expresion

    TK_FLECHA  desplazar e ir al estado 251
    TK_OPREL   desplazar e ir al estado 161


Estado 243

    4 alternativa: TK_SI expresion TK_FLECHA instrucciones listaOpciones TK_FSI .

    $default  reduce usando la regla 4 (alternativa)


Estado 244

   14 cabeceraFuncion: TK_IDENTIFICADOR TK_PARENTESIS_APERTURA listaDefsVariables TK_PARENTESIS_CIERRE TK_DEV defTipo . TK_PUNTOYCOMA

    TK_PUNTOYCOMA  desplazar e ir al estado 252


Estado 245

   18 dParForm: TK_ENT listaId TK_DOSPUNTOS defTipo .

    $default  reduce usando la regla 18 (dParForm)


Estado 246

   19 dParForm: TK_SAL listaId TK_DOSPUNTOS defTipo .

    $default  reduce usando la regla 19 (dParForm)


Estado 247

   20 dParForm: TK_ENTSAL listaId TK_DOSPUNTOS defTipo .

    $default  reduce usando la regla 20 (dParForm)


Estado 248

   26 listaCampos: TK_IDENTIFICADOR TK_DOSPUNTOS defTipo TK_PUNTOYCOMA listaCampos .

    $default  reduce usando la regla 26 (listaCampos)


Estado 249

  105 defTipo: TK_TABLA TK_CORCHETE_APERTURA expresionT TK_PUNTO_Y_PUNTO expresionT TK_CORCHETE_CIERRE . TK_DE defTipo

    TK_DE  desplazar e ir al estado 253


Estado 250

   10 itCotaFija: TK_PARA TK_IDENTIFICADOR TK_DOSPUNTOS_IGUAL expresion TK_HASTA expresion TK_HACER . instrucciones TK_FPARA

    TK_CONTINUAR               desplazar e ir al estado 41
    TK_IDENTIFICADOR_BOOLEANO  desplazar e ir al estado 42
    TK_IDENTIFICADOR           desplazar e ir al estado 43
    TK_PARA                    desplazar e ir al estado 44
    TK_MIENTRAS                desplazar e ir al estado 45
    TK_SI                      desplazar e ir al estado 46

    asignacion          ir al estado 47
    alternativa         ir al estado 48
    iteracion           ir al estado 49
    itCotaVariable      ir al estado 50
    itCotaFija          ir al estado 51
    llamadaAccion       ir al estado 52
    operandoBooleano    ir al estado 53
    operandoAritmetico  ir al estado 54
    instrucciones       ir al estado 254
    instruccion         ir al estado 56


Estado 251

    5 listaOpciones: TK_CORCHETES expresion TK_FLECHA . instrucciones listaOpciones

    TK_CONTINUAR               desplazar e ir al estado 41
    TK_IDENTIFICADOR_BOOLEANO  desplazar e ir al estado 42
    TK_IDENTIFICADOR           desplazar e ir al estado 43
    TK_PARA                    desplazar e ir al estado 44
    TK_MIENTRAS                desplazar e ir al estado 45
    TK_SI                      desplazar e ir al estado 46

    asignacion          ir al estado 47
    alternativa         ir al estado 48
    iteracion           ir al estado 49
    itCotaVariable      ir al estado 50
    itCotaFija          ir al estado 51
    llamadaAccion       ir al estado 52
    operandoBooleano    ir al estado 53
    operandoAritmetico  ir al estado 54
    instrucciones       ir al estado 255
    instruccion         ir al estado 56


Estado 252

   14 cabeceraFuncion: TK_IDENTIFICADOR TK_PARENTESIS_APERTURA listaDefsVariables TK_PARENTESIS_CIERRE TK_DEV defTipo TK_PUNTOYCOMA .

    $default  reduce usando la regla 14 (cabeceraFuncion)


Estado 253

  105 defTipo: TK_TABLA TK_CORCHETE_APERTURA expresionT TK_PUNTO_Y_PUNTO expresionT TK_CORCHETE_CIERRE TK_DE . defTipo

    TK_IDENTIFICADOR    desplazar e ir al estado 71
    TK_TUPLA            desplazar e ir al estado 72
    TK_TABLA            desplazar e ir al estado 73
    TK_REF              desplazar e ir al estado 74
    TK_TIPOBASE         desplazar e ir al estado 75
    TK_LITERALENTERO    desplazar e ir al estado 76
    TK_LITERALCARACTER  desplazar e ir al estado 77

    defTipo     ir al estado 256
    expresionT  ir al estado 79


Estado 254

   10 itCotaFija: TK_PARA TK_IDENTIFICADOR TK_DOSPUNTOS_IGUAL expresion TK_HASTA expresion TK_HACER instrucciones . TK_FPARA

    TK_FPARA  desplazar e ir al estado 257


Estado 255

    5 listaOpciones: TK_CORCHETES expresion TK_FLECHA instrucciones . listaOpciones

    TK_CORCHETES  desplazar e ir al estado 229

    $default  reduce usando la regla 6 (listaOpciones)

    listaOpciones  ir al estado 258


Estado 256

  105 defTipo: TK_TABLA TK_CORCHETE_APERTURA expresionT TK_PUNTO_Y_PUNTO expresionT TK_CORCHETE_CIERRE TK_DE defTipo .

    $default  reduce usando la regla 105 (defTipo)


Estado 257

   10 itCotaFija: TK_PARA TK_IDENTIFICADOR TK_DOSPUNTOS_IGUAL expresion TK_HASTA expresion TK_HACER instrucciones TK_FPARA .

    $default  reduce usando la regla 10 (itCotaFija)


Estado 258

    5 listaOpciones: TK_CORCHETES expresion TK_FLECHA instrucciones listaOpciones .

    $default  reduce usando la regla 5 (listaOpciones)
